<?xml version="1.0" encoding="utf-8"?>
<test-run id="2" testcasecount="640" result="Failed(Child)" total="640" passed="619" failed="4" inconclusive="0" skipped="17" asserts="0" engine-version="3.5.0.0" clr-version="4.0.30319.42000" start-time="2020-05-02 11:15:15Z" end-time="2020-05-02 11:16:39Z" duration="84.23671">
  <test-suite type="TestSuite" id="1735" name="Mirror" fullname="Mirror" runstate="Runnable" testcasecount="646" result="Failed" site="Child" start-time="2020-05-02 11:15:15Z" end-time="2020-05-02 11:16:39Z" duration="84.236710" total="640" passed="619" failed="4" inconclusive="0" skipped="17" asserts="0">
    <properties />
    <failure>
      <message><![CDATA[One or more child tests had errors]]></message>
    </failure>
    <test-suite type="Assembly" id="2460" name="Mirror.Tests.dll" fullname="/Users/qwerty/x/dev/project_Mirror/Repository/Library/ScriptAssemblies/Mirror.Tests.dll" runstate="Runnable" testcasecount="640" result="Failed" site="Child" start-time="2020-05-02 11:15:15Z" end-time="2020-05-02 11:16:38Z" duration="82.362182" total="640" passed="619" failed="4" inconclusive="0" skipped="17" asserts="0">
      <properties>
        <property name="_PID" value="7631" />
        <property name="_APPDOMAIN" value="Unity Child Domain" />
      </properties>
      <failure>
        <message><![CDATA[One or more child tests had errors]]></message>
      </failure>
      <test-suite type="TestSuite" id="2463" name="Mirror" fullname="Mirror" runstate="Runnable" testcasecount="623" result="Failed" site="Child" start-time="2020-05-02 11:15:15Z" end-time="2020-05-02 11:16:36Z" duration="80.665137" total="623" passed="619" failed="4" inconclusive="0" skipped="0" asserts="0">
        <properties />
        <failure>
          <message><![CDATA[One or more child tests had errors]]></message>
        </failure>
        <test-suite type="TestSuite" id="2466" name="Tests" fullname="Mirror.Tests" runstate="Runnable" testcasecount="477" result="Failed" site="Child" start-time="2020-05-02 11:15:15Z" end-time="2020-05-02 11:15:23Z" duration="7.635328" total="477" passed="473" failed="4" inconclusive="0" skipped="0" asserts="0">
          <properties />
          <failure>
            <message><![CDATA[One or more child tests had errors]]></message>
          </failure>
          <test-suite type="TestFixture" id="1928" name="ArraySegmentWriterTest" fullname="Mirror.Tests.ArraySegmentWriterTest" classname="Mirror.Tests.ArraySegmentWriterTest" runstate="Runnable" testcasecount="6" result="Passed" start-time="2020-05-02 11:15:15Z" end-time="2020-05-02 11:15:15Z" duration="0.051127" total="6" passed="6" failed="0" inconclusive="0" skipped="0" asserts="0">
            <properties />
            <test-case id="1929" name="TestEmptyByteArray" fullname="Mirror.Tests.ArraySegmentWriterTest.TestEmptyByteArray" methodname="TestEmptyByteArray" classname="Mirror.Tests.ArraySegmentWriterTest" runstate="Runnable" seed="1960393850" result="Passed" start-time="2020-05-02 11:15:15Z" end-time="2020-05-02 11:15:15Z" duration="0.020063" asserts="0">
              <properties />
            </test-case>
            <test-case id="1932" name="TestEmptyIntArray" fullname="Mirror.Tests.ArraySegmentWriterTest.TestEmptyIntArray" methodname="TestEmptyIntArray" classname="Mirror.Tests.ArraySegmentWriterTest" runstate="Runnable" seed="248403077" result="Passed" start-time="2020-05-02 11:15:15Z" end-time="2020-05-02 11:15:15Z" duration="0.001009" asserts="0">
              <properties />
            </test-case>
            <test-case id="1930" name="TestNullByteArray" fullname="Mirror.Tests.ArraySegmentWriterTest.TestNullByteArray" methodname="TestNullByteArray" classname="Mirror.Tests.ArraySegmentWriterTest" runstate="Runnable" seed="2083193130" result="Passed" start-time="2020-05-02 11:15:15Z" end-time="2020-05-02 11:15:15Z" duration="0.000522" asserts="0">
              <properties />
            </test-case>
            <test-case id="1933" name="TestNullIntArray" fullname="Mirror.Tests.ArraySegmentWriterTest.TestNullIntArray" methodname="TestNullIntArray" classname="Mirror.Tests.ArraySegmentWriterTest" runstate="Runnable" seed="1984738007" result="Passed" start-time="2020-05-02 11:15:15Z" end-time="2020-05-02 11:15:15Z" duration="0.000455" asserts="0">
              <properties />
            </test-case>
            <test-case id="1931" name="TestSegmentByteArray" fullname="Mirror.Tests.ArraySegmentWriterTest.TestSegmentByteArray" methodname="TestSegmentByteArray" classname="Mirror.Tests.ArraySegmentWriterTest" runstate="Runnable" seed="1065174524" result="Passed" start-time="2020-05-02 11:15:15Z" end-time="2020-05-02 11:15:15Z" duration="0.002413" asserts="0">
              <properties />
            </test-case>
            <test-case id="1934" name="TestSegmentIntArray" fullname="Mirror.Tests.ArraySegmentWriterTest.TestSegmentIntArray" methodname="TestSegmentIntArray" classname="Mirror.Tests.ArraySegmentWriterTest" runstate="Runnable" seed="1880685651" result="Passed" start-time="2020-05-02 11:15:15Z" end-time="2020-05-02 11:15:15Z" duration="0.001182" asserts="0">
              <properties />
            </test-case>
          </test-suite>
          <test-suite type="TestFixture" id="1935" name="ArrayWriterTest" fullname="Mirror.Tests.ArrayWriterTest" classname="Mirror.Tests.ArrayWriterTest" runstate="Runnable" testcasecount="6" result="Passed" start-time="2020-05-02 11:15:15Z" end-time="2020-05-02 11:15:15Z" duration="0.025211" total="6" passed="6" failed="0" inconclusive="0" skipped="0" asserts="0">
            <properties />
            <test-case id="1938" name="TestDataByteArray" fullname="Mirror.Tests.ArrayWriterTest.TestDataByteArray" methodname="TestDataByteArray" classname="Mirror.Tests.ArrayWriterTest" runstate="Runnable" seed="346649505" result="Passed" start-time="2020-05-02 11:15:15Z" end-time="2020-05-02 11:15:15Z" duration="0.001573" asserts="0">
              <properties />
            </test-case>
            <test-case id="1941" name="TestDataIntArray" fullname="Mirror.Tests.ArrayWriterTest.TestDataIntArray" methodname="TestDataIntArray" classname="Mirror.Tests.ArrayWriterTest" runstate="Runnable" seed="1595943470" result="Passed" start-time="2020-05-02 11:15:15Z" end-time="2020-05-02 11:15:15Z" duration="0.000693" asserts="0">
              <properties />
            </test-case>
            <test-case id="1937" name="TestEmptyByteArray" fullname="Mirror.Tests.ArrayWriterTest.TestEmptyByteArray" methodname="TestEmptyByteArray" classname="Mirror.Tests.ArrayWriterTest" runstate="Runnable" seed="1902272419" result="Passed" start-time="2020-05-02 11:15:15Z" end-time="2020-05-02 11:15:15Z" duration="0.000452" asserts="0">
              <properties />
            </test-case>
            <test-case id="1940" name="TestEmptyIntArray" fullname="Mirror.Tests.ArrayWriterTest.TestEmptyIntArray" methodname="TestEmptyIntArray" classname="Mirror.Tests.ArrayWriterTest" runstate="Runnable" seed="1283376777" result="Passed" start-time="2020-05-02 11:15:15Z" end-time="2020-05-02 11:15:15Z" duration="0.000307" asserts="0">
              <properties />
            </test-case>
            <test-case id="1936" name="TestNullByterray" fullname="Mirror.Tests.ArrayWriterTest.TestNullByterray" methodname="TestNullByterray" classname="Mirror.Tests.ArrayWriterTest" runstate="Runnable" seed="1927542502" result="Passed" start-time="2020-05-02 11:15:15Z" end-time="2020-05-02 11:15:15Z" duration="0.000274" asserts="0">
              <properties />
            </test-case>
            <test-case id="1939" name="TestNullIntArray" fullname="Mirror.Tests.ArrayWriterTest.TestNullIntArray" methodname="TestNullIntArray" classname="Mirror.Tests.ArrayWriterTest" runstate="Runnable" seed="1009051583" result="Passed" start-time="2020-05-02 11:15:15Z" end-time="2020-05-02 11:15:15Z" duration="0.000324" asserts="0">
              <properties />
            </test-case>
          </test-suite>
          <test-suite type="TestFixture" id="1942" name="BasicAuthenticatorTest" fullname="Mirror.Tests.BasicAuthenticatorTest" classname="Mirror.Tests.BasicAuthenticatorTest" runstate="Runnable" testcasecount="2" result="Passed" start-time="2020-05-02 11:15:15Z" end-time="2020-05-02 11:15:15Z" duration="0.010270" total="2" passed="2" failed="0" inconclusive="0" skipped="0" asserts="0">
            <properties />
            <test-case id="1943" name="AuthRequestMessageTest" fullname="Mirror.Tests.BasicAuthenticatorTest.AuthRequestMessageTest" methodname="AuthRequestMessageTest" classname="Mirror.Tests.BasicAuthenticatorTest" runstate="Runnable" seed="1875899439" result="Passed" start-time="2020-05-02 11:15:15Z" end-time="2020-05-02 11:15:15Z" duration="0.001383" asserts="0">
              <properties />
            </test-case>
            <test-case id="1944" name="AuthResponseMessageTest" fullname="Mirror.Tests.BasicAuthenticatorTest.AuthResponseMessageTest" methodname="AuthResponseMessageTest" classname="Mirror.Tests.BasicAuthenticatorTest" runstate="Runnable" seed="364895919" result="Passed" start-time="2020-05-02 11:15:15Z" end-time="2020-05-02 11:15:15Z" duration="0.000790" asserts="0">
              <properties />
            </test-case>
          </test-suite>
          <test-suite type="TestFixture" id="1945" name="ClientSceneTests" fullname="Mirror.Tests.ClientSceneTests" classname="Mirror.Tests.ClientSceneTests" runstate="Runnable" testcasecount="50" result="Failed" site="Child" start-time="2020-05-02 11:15:15Z" end-time="2020-05-02 11:15:16Z" duration="0.941383" total="50" passed="46" failed="4" inconclusive="0" skipped="0" asserts="0">
            <properties />
            <failure>
              <message><![CDATA[One or more child tests had errors]]></message>
            </failure>
            <test-case id="2002" name="ClearSpawners_ClearsAllDictionary" fullname="Mirror.Tests.ClientSceneTests.ClearSpawners_ClearsAllDictionary" methodname="ClearSpawners_ClearsAllDictionary" classname="Mirror.Tests.ClientSceneTests" runstate="Runnable" seed="159447636" result="Passed" start-time="2020-05-02 11:15:15Z" end-time="2020-05-02 11:15:15Z" duration="0.009464" asserts="0">
              <properties />
            </test-case>
            <test-case id="1999" name="ClearSpawners_RemovesAllPrefabsFromDictionary" fullname="Mirror.Tests.ClientSceneTests.ClearSpawners_RemovesAllPrefabsFromDictionary" methodname="ClearSpawners_RemovesAllPrefabsFromDictionary" classname="Mirror.Tests.ClientSceneTests" runstate="Runnable" seed="1075445859" result="Passed" start-time="2020-05-02 11:15:15Z" end-time="2020-05-02 11:15:15Z" duration="0.008802" asserts="0">
              <properties />
            </test-case>
            <test-case id="2000" name="ClearSpawners_RemovesAllSpawnHandlersFromDictionary" fullname="Mirror.Tests.ClientSceneTests.ClearSpawners_RemovesAllSpawnHandlersFromDictionary" methodname="ClearSpawners_RemovesAllSpawnHandlersFromDictionary" classname="Mirror.Tests.ClientSceneTests" runstate="Runnable" seed="728987576" result="Passed" start-time="2020-05-02 11:15:15Z" end-time="2020-05-02 11:15:15Z" duration="0.016728" asserts="0">
              <properties />
            </test-case>
            <test-case id="2001" name="ClearSpawners_RemovesAllUnspawnHandlersFromDictionary" fullname="Mirror.Tests.ClientSceneTests.ClearSpawners_RemovesAllUnspawnHandlersFromDictionary" methodname="ClearSpawners_RemovesAllUnspawnHandlersFromDictionary" classname="Mirror.Tests.ClientSceneTests" runstate="Runnable" seed="22732386" result="Passed" start-time="2020-05-02 11:15:16Z" end-time="2020-05-02 11:15:16Z" duration="0.015186" asserts="0">
              <properties />
            </test-case>
            <test-case id="1950" name="GetPrefab_HasOutPrefabWithCorrectGuid" fullname="Mirror.Tests.ClientSceneTests.GetPrefab_HasOutPrefabWithCorrectGuid" methodname="GetPrefab_HasOutPrefabWithCorrectGuid" classname="Mirror.Tests.ClientSceneTests" runstate="Runnable" seed="1789399950" result="Passed" start-time="2020-05-02 11:15:16Z" end-time="2020-05-02 11:15:16Z" duration="0.016134" asserts="0">
              <properties />
            </test-case>
            <test-case id="1946" name="GetPrefab_ReturnsFalseForEmptyGuid" fullname="Mirror.Tests.ClientSceneTests.GetPrefab_ReturnsFalseForEmptyGuid" methodname="GetPrefab_ReturnsFalseForEmptyGuid" classname="Mirror.Tests.ClientSceneTests" runstate="Runnable" seed="1753120976" result="Passed" start-time="2020-05-02 11:15:16Z" end-time="2020-05-02 11:15:16Z" duration="0.014874" asserts="0">
              <properties />
            </test-case>
            <test-case id="1948" name="GetPrefab_ReturnsFalseForPrefabIsNull" fullname="Mirror.Tests.ClientSceneTests.GetPrefab_ReturnsFalseForPrefabIsNull" methodname="GetPrefab_ReturnsFalseForPrefabIsNull" classname="Mirror.Tests.ClientSceneTests" runstate="Runnable" seed="1577083911" result="Passed" start-time="2020-05-02 11:15:16Z" end-time="2020-05-02 11:15:16Z" duration="0.017230" asserts="0">
              <properties />
            </test-case>
            <test-case id="1947" name="GetPrefab_ReturnsFalseForPrefabNotFound" fullname="Mirror.Tests.ClientSceneTests.GetPrefab_ReturnsFalseForPrefabNotFound" methodname="GetPrefab_ReturnsFalseForPrefabNotFound" classname="Mirror.Tests.ClientSceneTests" runstate="Runnable" seed="254580307" result="Passed" start-time="2020-05-02 11:15:16Z" end-time="2020-05-02 11:15:16Z" duration="0.014856" asserts="0">
              <properties />
            </test-case>
            <test-case id="1949" name="GetPrefab_ReturnsTrueWhenPrefabIsFound" fullname="Mirror.Tests.ClientSceneTests.GetPrefab_ReturnsTrueWhenPrefabIsFound" methodname="GetPrefab_ReturnsTrueWhenPrefabIsFound" classname="Mirror.Tests.ClientSceneTests" runstate="Runnable" seed="1508351793" result="Passed" start-time="2020-05-02 11:15:16Z" end-time="2020-05-02 11:15:16Z" duration="0.026404" asserts="0">
              <properties />
            </test-case>
            <test-suite type="ParameterizedMethod" id="1953" name="RegisterPrefab_Prefab_AddsPrefabToDictionary" fullname="Mirror.Tests.ClientSceneTests.RegisterPrefab_Prefab_AddsPrefabToDictionary" classname="Mirror.Tests.ClientSceneTests" runstate="Runnable" testcasecount="2" result="Failed" site="Child" start-time="2020-05-02 11:15:16Z" end-time="2020-05-02 11:15:16Z" duration="0.043891" total="2" passed="1" failed="1" inconclusive="0" skipped="0" asserts="0">
              <properties />
              <failure>
                <message><![CDATA[One or more child tests had errors]]></message>
              </failure>
              <test-case id="1951" name="RegisterPrefab_Prefab_AddsPrefabToDictionary(False)" fullname="Mirror.Tests.ClientSceneTests.RegisterPrefab_Prefab_AddsPrefabToDictionary(False)" methodname="RegisterPrefab_Prefab_AddsPrefabToDictionary" classname="Mirror.Tests.ClientSceneTests" runstate="Runnable" seed="331957228" result="Passed" start-time="2020-05-02 11:15:16Z" end-time="2020-05-02 11:15:16Z" duration="0.011749" asserts="0">
                <properties />
              </test-case>
              <test-case id="1952" name="RegisterPrefab_Prefab_AddsPrefabToDictionary(True)" fullname="Mirror.Tests.ClientSceneTests.RegisterPrefab_Prefab_AddsPrefabToDictionary(True)" methodname="RegisterPrefab_Prefab_AddsPrefabToDictionary" classname="Mirror.Tests.ClientSceneTests" runstate="Runnable" seed="361323665" result="Failed" start-time="2020-05-02 11:15:16Z" end-time="2020-05-02 11:15:16Z" duration="0.019713" asserts="0">
                <properties />
                <failure>
                  <message><![CDATA[  Expected: True
  But was:  False
]]></message>
                  <stack-trace><![CDATA[at Mirror.Tests.ClientSceneTests.RegisterPrefab_Prefab_AddsPrefabToDictionary (System.Boolean setGuid) [0x00029] in /Users/qwerty/x/dev/project_Mirror/Repository/Assets/Mirror/Tests/Editor/ClientSceneTests.cs:137
]]></stack-trace>
                </failure>
                <output><![CDATA[SetDynamicAssetId object ValidPrefabForClientScene already has an assetId 33169286da0313d45ab5bfccc6cf3775, new asset id 5794128cdfda04542985151f82990d05
]]></output>
              </test-case>
            </test-suite>
            <test-case id="1961" name="RegisterPrefab_Prefab_ErrorForEmptyGuid" fullname="Mirror.Tests.ClientSceneTests.RegisterPrefab_Prefab_ErrorForEmptyGuid" methodname="RegisterPrefab_Prefab_ErrorForEmptyGuid" classname="Mirror.Tests.ClientSceneTests" runstate="Runnable" seed="1578456311" result="Passed" start-time="2020-05-02 11:15:16Z" end-time="2020-05-02 11:15:16Z" duration="0.036964" asserts="0">
              <properties />
              <output><![CDATA[Can not Register 'Runtime GameObject' because it had empty assetid. If this is a scene Object use RegisterSpawnHandler instead
]]></output>
            </test-case>
            <test-suite type="ParameterizedMethod" id="1957" name="RegisterPrefab_Prefab_ErrorForNullPrefab" fullname="Mirror.Tests.ClientSceneTests.RegisterPrefab_Prefab_ErrorForNullPrefab" classname="Mirror.Tests.ClientSceneTests" runstate="Runnable" testcasecount="2" result="Passed" start-time="2020-05-02 11:15:16Z" end-time="2020-05-02 11:15:16Z" duration="0.024220" total="2" passed="2" failed="0" inconclusive="0" skipped="0" asserts="0">
              <properties />
              <test-case id="1955" name="RegisterPrefab_Prefab_ErrorForNullPrefab(False)" fullname="Mirror.Tests.ClientSceneTests.RegisterPrefab_Prefab_ErrorForNullPrefab(False)" methodname="RegisterPrefab_Prefab_ErrorForNullPrefab" classname="Mirror.Tests.ClientSceneTests" runstate="Runnable" seed="504154753" result="Passed" start-time="2020-05-02 11:15:16Z" end-time="2020-05-02 11:15:16Z" duration="0.005490" asserts="0">
                <properties />
                <output><![CDATA[Could not register prefab because it was null
]]></output>
              </test-case>
              <test-case id="1956" name="RegisterPrefab_Prefab_ErrorForNullPrefab(True)" fullname="Mirror.Tests.ClientSceneTests.RegisterPrefab_Prefab_ErrorForNullPrefab(True)" methodname="RegisterPrefab_Prefab_ErrorForNullPrefab" classname="Mirror.Tests.ClientSceneTests" runstate="Runnable" seed="1013288978" result="Passed" start-time="2020-05-02 11:15:16Z" end-time="2020-05-02 11:15:16Z" duration="0.011329" asserts="0">
                <properties />
                <output><![CDATA[Could not register prefab because it was null
]]></output>
              </test-case>
            </test-suite>
            <test-suite type="ParameterizedMethod" id="1960" name="RegisterPrefab_Prefab_ErrorForPrefabWithoutNetworkIdentity" fullname="Mirror.Tests.ClientSceneTests.RegisterPrefab_Prefab_ErrorForPrefabWithoutNetworkIdentity" classname="Mirror.Tests.ClientSceneTests" runstate="Runnable" testcasecount="2" result="Passed" start-time="2020-05-02 11:15:16Z" end-time="2020-05-02 11:15:16Z" duration="0.045065" total="2" passed="2" failed="0" inconclusive="0" skipped="0" asserts="0">
              <properties />
              <test-case id="1958" name="RegisterPrefab_Prefab_ErrorForPrefabWithoutNetworkIdentity(False)" fullname="Mirror.Tests.ClientSceneTests.RegisterPrefab_Prefab_ErrorForPrefabWithoutNetworkIdentity(False)" methodname="RegisterPrefab_Prefab_ErrorForPrefabWithoutNetworkIdentity" classname="Mirror.Tests.ClientSceneTests" runstate="Runnable" seed="2145702231" result="Passed" start-time="2020-05-02 11:15:16Z" end-time="2020-05-02 11:15:16Z" duration="0.009747" asserts="0">
                <properties />
                <output><![CDATA[Could not register 'invalidPrefabForClientScene' since it contains no NetworkIdentity component
]]></output>
              </test-case>
              <test-case id="1959" name="RegisterPrefab_Prefab_ErrorForPrefabWithoutNetworkIdentity(True)" fullname="Mirror.Tests.ClientSceneTests.RegisterPrefab_Prefab_ErrorForPrefabWithoutNetworkIdentity(True)" methodname="RegisterPrefab_Prefab_ErrorForPrefabWithoutNetworkIdentity" classname="Mirror.Tests.ClientSceneTests" runstate="Runnable" seed="669405601" result="Passed" start-time="2020-05-02 11:15:16Z" end-time="2020-05-02 11:15:16Z" duration="0.017872" asserts="0">
                <properties />
                <output><![CDATA[Could not register 'invalidPrefabForClientScene' since it contains no NetworkIdentity component
]]></output>
              </test-case>
            </test-suite>
            <test-suite type="ParameterizedMethod" id="1966" name="RegisterPrefab_Prefab_ErrorIfPrefabHadSceneId" fullname="Mirror.Tests.ClientSceneTests.RegisterPrefab_Prefab_ErrorIfPrefabHadSceneId" classname="Mirror.Tests.ClientSceneTests" runstate="Runnable" testcasecount="2" result="Passed" start-time="2020-05-02 11:15:16Z" end-time="2020-05-02 11:15:16Z" duration="0.037020" total="2" passed="2" failed="0" inconclusive="0" skipped="0" asserts="0">
              <properties />
              <test-case id="1964" name="RegisterPrefab_Prefab_ErrorIfPrefabHadSceneId(False)" fullname="Mirror.Tests.ClientSceneTests.RegisterPrefab_Prefab_ErrorIfPrefabHadSceneId(False)" methodname="RegisterPrefab_Prefab_ErrorIfPrefabHadSceneId" classname="Mirror.Tests.ClientSceneTests" runstate="Runnable" seed="2124470693" result="Passed" start-time="2020-05-02 11:15:16Z" end-time="2020-05-02 11:15:16Z" duration="0.010858" asserts="0">
                <properties />
                <output><![CDATA[Can not Register 'ValidPrefabForClientScene(Clone)' because it has a sceneId, make sure you are passing in the original prefab and not an instance in the scene.
]]></output>
              </test-case>
              <test-case id="1965" name="RegisterPrefab_Prefab_ErrorIfPrefabHadSceneId(True)" fullname="Mirror.Tests.ClientSceneTests.RegisterPrefab_Prefab_ErrorIfPrefabHadSceneId(True)" methodname="RegisterPrefab_Prefab_ErrorIfPrefabHadSceneId" classname="Mirror.Tests.ClientSceneTests" runstate="Runnable" seed="564468102" result="Passed" start-time="2020-05-02 11:15:16Z" end-time="2020-05-02 11:15:16Z" duration="0.018562" asserts="0">
                <properties />
                <output><![CDATA[SetDynamicAssetId object ValidPrefabForClientScene(Clone) already has an assetId 33169286da0313d45ab5bfccc6cf3775, new asset id 5794128cdfda04542985151f82990d05
Can not Register 'ValidPrefabForClientScene(Clone)' because it has a sceneId, make sure you are passing in the original prefab and not an instance in the scene.
]]></output>
              </test-case>
            </test-suite>
            <test-suite type="ParameterizedMethod" id="1975" name="RegisterPrefab_Prefab_WarningForAssetIdAlreadyExistingInHandlersDictionary" fullname="Mirror.Tests.ClientSceneTests.RegisterPrefab_Prefab_WarningForAssetIdAlreadyExistingInHandlersDictionary" classname="Mirror.Tests.ClientSceneTests" runstate="Runnable" testcasecount="2" result="Failed" site="Child" start-time="2020-05-02 11:15:16Z" end-time="2020-05-02 11:15:16Z" duration="0.036481" total="2" passed="1" failed="1" inconclusive="0" skipped="0" asserts="0">
              <properties />
              <failure>
                <message><![CDATA[One or more child tests had errors]]></message>
              </failure>
              <test-case id="1973" name="RegisterPrefab_Prefab_WarningForAssetIdAlreadyExistingInHandlersDictionary(False,&quot;&quot;)" fullname="Mirror.Tests.ClientSceneTests.RegisterPrefab_Prefab_WarningForAssetIdAlreadyExistingInHandlersDictionary(False,&quot;&quot;)" methodname="RegisterPrefab_Prefab_WarningForAssetIdAlreadyExistingInHandlersDictionary" classname="Mirror.Tests.ClientSceneTests" runstate="Runnable" seed="1964642555" result="Passed" start-time="2020-05-02 11:15:16Z" end-time="2020-05-02 11:15:16Z" duration="0.011398" asserts="0">
                <properties />
                <output><![CDATA[Adding prefab 'ValidPrefabForClientScene' with assetId '33169286-da03-13d4-5ab5-bfccc6cf3775' when spawnHandlers with same assetId already exists.
]]></output>
              </test-case>
              <test-case id="1974" name="RegisterPrefab_Prefab_WarningForAssetIdAlreadyExistingInHandlersDictionary(True,&quot;5794128cdfda04542985151f82990d05&quot;)" fullname="Mirror.Tests.ClientSceneTests.RegisterPrefab_Prefab_WarningForAssetIdAlreadyExistingInHandlersDictionary(True,&quot;5794128cdfda04542985151f82990d05&quot;)" methodname="RegisterPrefab_Prefab_WarningForAssetIdAlreadyExistingInHandlersDictionary" classname="Mirror.Tests.ClientSceneTests" runstate="Runnable" seed="113022252" result="Failed" start-time="2020-05-02 11:15:16Z" end-time="2020-05-02 11:15:16Z" duration="0.013664" asserts="0">
                <properties />
                <failure>
                  <message><![CDATA[Expected log did not appear: [Warning] Adding prefab 'ValidPrefabForClientScene' with assetId '5794128c-dfda-0454-2985-151f82990d05' when spawnHandlers with same assetId already exists.]]></message>
                </failure>
                <output><![CDATA[SetDynamicAssetId object ValidPrefabForClientScene already has an assetId 33169286da0313d45ab5bfccc6cf3775, new asset id 5794128cdfda04542985151f82990d05
]]></output>
              </test-case>
            </test-suite>
            <test-suite type="ParameterizedMethod" id="1972" name="RegisterPrefab_Prefab_WarningForAssetIdAlreadyExistingInPrefabsDictionary" fullname="Mirror.Tests.ClientSceneTests.RegisterPrefab_Prefab_WarningForAssetIdAlreadyExistingInPrefabsDictionary" classname="Mirror.Tests.ClientSceneTests" runstate="Runnable" testcasecount="2" result="Failed" site="Child" start-time="2020-05-02 11:15:16Z" end-time="2020-05-02 11:15:16Z" duration="0.054736" total="2" passed="1" failed="1" inconclusive="0" skipped="0" asserts="0">
              <properties />
              <failure>
                <message><![CDATA[One or more child tests had errors]]></message>
              </failure>
              <test-case id="1970" name="RegisterPrefab_Prefab_WarningForAssetIdAlreadyExistingInPrefabsDictionary(False,&quot;&quot;)" fullname="Mirror.Tests.ClientSceneTests.RegisterPrefab_Prefab_WarningForAssetIdAlreadyExistingInPrefabsDictionary(False,&quot;&quot;)" methodname="RegisterPrefab_Prefab_WarningForAssetIdAlreadyExistingInPrefabsDictionary" classname="Mirror.Tests.ClientSceneTests" runstate="Runnable" seed="1710247051" result="Passed" start-time="2020-05-02 11:15:16Z" end-time="2020-05-02 11:15:16Z" duration="0.010981" asserts="0">
                <properties />
                <output><![CDATA[Replacing existing prefab with assetId '33169286-da03-13d4-5ab5-bfccc6cf3775'. Old prefab 'ValidPrefabForClientScene', New prefab 'ValidPrefabForClientScene'
]]></output>
              </test-case>
              <test-case id="1971" name="RegisterPrefab_Prefab_WarningForAssetIdAlreadyExistingInPrefabsDictionary(True,&quot;5794128cdfda04542985151f82990d05&quot;)" fullname="Mirror.Tests.ClientSceneTests.RegisterPrefab_Prefab_WarningForAssetIdAlreadyExistingInPrefabsDictionary(True,&quot;5794128cdfda04542985151f82990d05&quot;)" methodname="RegisterPrefab_Prefab_WarningForAssetIdAlreadyExistingInPrefabsDictionary" classname="Mirror.Tests.ClientSceneTests" runstate="Runnable" seed="2073264884" result="Failed" start-time="2020-05-02 11:15:16Z" end-time="2020-05-02 11:15:16Z" duration="0.035065" asserts="0">
                <properties />
                <failure>
                  <message><![CDATA[Expected log did not appear: [Warning] Replacing existing prefab with assetId '5794128c-dfda-0454-2985-151f82990d05'. Old prefab 'ValidPrefabForClientScene', New prefab 'ValidPrefabForClientScene']]></message>
                </failure>
                <output><![CDATA[SetDynamicAssetId object ValidPrefabForClientScene already has an assetId 33169286da0313d45ab5bfccc6cf3775, new asset id 5794128cdfda04542985151f82990d05
]]></output>
              </test-case>
            </test-suite>
            <test-suite type="ParameterizedMethod" id="1969" name="RegisterPrefab_Prefab_WarningForNetworkIdentityInChildren" fullname="Mirror.Tests.ClientSceneTests.RegisterPrefab_Prefab_WarningForNetworkIdentityInChildren" classname="Mirror.Tests.ClientSceneTests" runstate="Runnable" testcasecount="2" result="Passed" start-time="2020-05-02 11:15:16Z" end-time="2020-05-02 11:15:16Z" duration="0.031287" total="2" passed="2" failed="0" inconclusive="0" skipped="0" asserts="0">
              <properties />
              <test-case id="1967" name="RegisterPrefab_Prefab_WarningForNetworkIdentityInChildren(False)" fullname="Mirror.Tests.ClientSceneTests.RegisterPrefab_Prefab_WarningForNetworkIdentityInChildren(False)" methodname="RegisterPrefab_Prefab_WarningForNetworkIdentityInChildren" classname="Mirror.Tests.ClientSceneTests" runstate="Runnable" seed="943938906" result="Passed" start-time="2020-05-02 11:15:16Z" end-time="2020-05-02 11:15:16Z" duration="0.007065" asserts="0">
                <properties />
                <output><![CDATA[Prefab 'PrefabWithChildrenForClientScene' has multiple NetworkIdentity components. There should only be one NetworkIdentity on a prefab, and it must be on the root object.
]]></output>
              </test-case>
              <test-case id="1968" name="RegisterPrefab_Prefab_WarningForNetworkIdentityInChildren(True)" fullname="Mirror.Tests.ClientSceneTests.RegisterPrefab_Prefab_WarningForNetworkIdentityInChildren(True)" methodname="RegisterPrefab_Prefab_WarningForNetworkIdentityInChildren" classname="Mirror.Tests.ClientSceneTests" runstate="Runnable" seed="1625682356" result="Passed" start-time="2020-05-02 11:15:16Z" end-time="2020-05-02 11:15:16Z" duration="0.011872" asserts="0">
                <properties />
                <output><![CDATA[SetDynamicAssetId object PrefabWithChildrenForClientScene already has an assetId a78e009e3f2dee44e8859516974ede43, new asset id 5794128cdfda04542985151f82990d05
Prefab 'PrefabWithChildrenForClientScene' has multiple NetworkIdentity components. There should only be one NetworkIdentity on a prefab, and it must be on the root object.
]]></output>
              </test-case>
            </test-suite>
            <test-case id="1962" name="RegisterPrefab_PrefabNewGuid_AddsRuntimeObjectToDictionary" fullname="Mirror.Tests.ClientSceneTests.RegisterPrefab_PrefabNewGuid_AddsRuntimeObjectToDictionary" methodname="RegisterPrefab_PrefabNewGuid_AddsRuntimeObjectToDictionary" classname="Mirror.Tests.ClientSceneTests" runstate="Runnable" seed="1649543593" result="Passed" start-time="2020-05-02 11:15:16Z" end-time="2020-05-02 11:15:16Z" duration="0.011375" asserts="0">
              <properties />
            </test-case>
            <test-case id="1954" name="RegisterPrefab_PrefabNewGuid_ChangePrefabsAssetId" fullname="Mirror.Tests.ClientSceneTests.RegisterPrefab_PrefabNewGuid_ChangePrefabsAssetId" methodname="RegisterPrefab_PrefabNewGuid_ChangePrefabsAssetId" classname="Mirror.Tests.ClientSceneTests" runstate="Runnable" seed="1226042156" result="Failed" start-time="2020-05-02 11:15:16Z" end-time="2020-05-02 11:15:16Z" duration="0.015026" asserts="0">
              <properties />
              <failure>
                <message><![CDATA[  Expected: True
  But was:  False
]]></message>
                <stack-trace><![CDATA[at Mirror.Tests.ClientSceneTests.RegisterPrefab_PrefabNewGuid_ChangePrefabsAssetId () [0x0001a] in /Users/qwerty/x/dev/project_Mirror/Repository/Assets/Mirror/Tests/Editor/ClientSceneTests.cs:147
]]></stack-trace>
              </failure>
              <output><![CDATA[SetDynamicAssetId object ValidPrefabForClientScene already has an assetId 33169286da0313d45ab5bfccc6cf3775, new asset id 5794128cdfda04542985151f82990d05
]]></output>
            </test-case>
            <test-case id="1963" name="RegisterPrefab_PrefabNewGuid_ErrorForEmptyGuid" fullname="Mirror.Tests.ClientSceneTests.RegisterPrefab_PrefabNewGuid_ErrorForEmptyGuid" methodname="RegisterPrefab_PrefabNewGuid_ErrorForEmptyGuid" classname="Mirror.Tests.ClientSceneTests" runstate="Runnable" seed="1009459744" result="Passed" start-time="2020-05-02 11:15:16Z" end-time="2020-05-02 11:15:16Z" duration="0.016546" asserts="0">
              <properties />
              <output><![CDATA[Could not register 'ValidPrefabForClientScene' with new assetId because the new assetId was empty
]]></output>
            </test-case>
            <test-case id="1981" name="RegisterSpawnHandler_SpawnDelegate_AddsHandlerToSpawnHandlers" fullname="Mirror.Tests.ClientSceneTests.RegisterSpawnHandler_SpawnDelegate_AddsHandlerToSpawnHandlers" methodname="RegisterSpawnHandler_SpawnDelegate_AddsHandlerToSpawnHandlers" classname="Mirror.Tests.ClientSceneTests" runstate="Runnable" seed="882093030" result="Passed" start-time="2020-05-02 11:15:16Z" end-time="2020-05-02 11:15:16Z" duration="0.014877" asserts="0">
              <properties />
            </test-case>
            <test-case id="1982" name="RegisterSpawnHandler_SpawnDelegate_AddsHandlerToSpawnHandlersWithCorrectArguments" fullname="Mirror.Tests.ClientSceneTests.RegisterSpawnHandler_SpawnDelegate_AddsHandlerToSpawnHandlersWithCorrectArguments" methodname="RegisterSpawnHandler_SpawnDelegate_AddsHandlerToSpawnHandlersWithCorrectArguments" classname="Mirror.Tests.ClientSceneTests" runstate="Runnable" seed="32418400" result="Passed" start-time="2020-05-02 11:15:16Z" end-time="2020-05-02 11:15:16Z" duration="0.014597" asserts="0">
              <properties />
            </test-case>
            <test-case id="1983" name="RegisterSpawnHandler_SpawnDelegate_AddsHandlerToUnSpawnHandlers" fullname="Mirror.Tests.ClientSceneTests.RegisterSpawnHandler_SpawnDelegate_AddsHandlerToUnSpawnHandlers" methodname="RegisterSpawnHandler_SpawnDelegate_AddsHandlerToUnSpawnHandlers" classname="Mirror.Tests.ClientSceneTests" runstate="Runnable" seed="1029120772" result="Passed" start-time="2020-05-02 11:15:16Z" end-time="2020-05-02 11:15:16Z" duration="0.016429" asserts="0">
              <properties />
            </test-case>
            <test-case id="1986" name="RegisterSpawnHandler_SpawnDelegate_ErrorWhenAssetIdIsEmpty" fullname="Mirror.Tests.ClientSceneTests.RegisterSpawnHandler_SpawnDelegate_ErrorWhenAssetIdIsEmpty" methodname="RegisterSpawnHandler_SpawnDelegate_ErrorWhenAssetIdIsEmpty" classname="Mirror.Tests.ClientSceneTests" runstate="Runnable" seed="1173409302" result="Passed" start-time="2020-05-02 11:15:16Z" end-time="2020-05-02 11:15:16Z" duration="0.020816" asserts="0">
              <properties />
              <output><![CDATA[Can not Register SpawnHandler for empty Guid
]]></output>
            </test-case>
            <test-case id="1988" name="RegisterSpawnHandler_SpawnDelegate_ErrorWhenHandlerForGuidAlreadyExistsInPrefabDictionary" fullname="Mirror.Tests.ClientSceneTests.RegisterSpawnHandler_SpawnDelegate_ErrorWhenHandlerForGuidAlreadyExistsInPrefabDictionary" methodname="RegisterSpawnHandler_SpawnDelegate_ErrorWhenHandlerForGuidAlreadyExistsInPrefabDictionary" classname="Mirror.Tests.ClientSceneTests" runstate="Runnable" seed="1943988084" result="Passed" start-time="2020-05-02 11:15:16Z" end-time="2020-05-02 11:15:16Z" duration="0.011479" asserts="0">
              <properties />
              <output><![CDATA[assetId '614e5332-aaaa-4ca7-950a-c5ee3327168f' is already used by prefab 'ValidPrefabForClientScene'
]]></output>
            </test-case>
            <test-case id="1984" name="RegisterSpawnHandler_SpawnDelegate_ErrorWhenSpawnHandlerIsNull" fullname="Mirror.Tests.ClientSceneTests.RegisterSpawnHandler_SpawnDelegate_ErrorWhenSpawnHandlerIsNull" methodname="RegisterSpawnHandler_SpawnDelegate_ErrorWhenSpawnHandlerIsNull" classname="Mirror.Tests.ClientSceneTests" runstate="Runnable" seed="485904077" result="Passed" start-time="2020-05-02 11:15:16Z" end-time="2020-05-02 11:15:16Z" duration="0.017699" asserts="0">
              <properties />
              <output><![CDATA[Can not Register null SpawnHandler for af6712b1-3264-43b3-a787-da0fdf74a598
]]></output>
            </test-case>
            <test-case id="1985" name="RegisterSpawnHandler_SpawnDelegate_ErrorWhenUnSpawnHandlerIsNull" fullname="Mirror.Tests.ClientSceneTests.RegisterSpawnHandler_SpawnDelegate_ErrorWhenUnSpawnHandlerIsNull" methodname="RegisterSpawnHandler_SpawnDelegate_ErrorWhenUnSpawnHandlerIsNull" classname="Mirror.Tests.ClientSceneTests" runstate="Runnable" seed="155736263" result="Passed" start-time="2020-05-02 11:15:16Z" end-time="2020-05-02 11:15:16Z" duration="0.012950" asserts="0">
              <properties />
              <output><![CDATA[Can not Register null UnSpawnHandler for 200ddb1f-b655-4dac-be92-60e8dbbe32eb
]]></output>
            </test-case>
            <test-case id="1987" name="RegisterSpawnHandler_SpawnDelegate_WarningWhenHandlerForGuidAlreadyExistsInHandlerDictionary" fullname="Mirror.Tests.ClientSceneTests.RegisterSpawnHandler_SpawnDelegate_WarningWhenHandlerForGuidAlreadyExistsInHandlerDictionary" methodname="RegisterSpawnHandler_SpawnDelegate_WarningWhenHandlerForGuidAlreadyExistsInHandlerDictionary" classname="Mirror.Tests.ClientSceneTests" runstate="Runnable" seed="413211981" result="Passed" start-time="2020-05-02 11:15:16Z" end-time="2020-05-02 11:15:16Z" duration="0.017359" asserts="0">
              <properties />
              <output><![CDATA[Replacing existing spawnHandlers for 7b755899-9152-4c76-ab6c-0feeb8f18ea2
]]></output>
            </test-case>
            <test-case id="1989" name="RegisterSpawnHandler_SpawnHandlerDelegate_AddsHandlerToSpawnHandlers" fullname="Mirror.Tests.ClientSceneTests.RegisterSpawnHandler_SpawnHandlerDelegate_AddsHandlerToSpawnHandlers" methodname="RegisterSpawnHandler_SpawnHandlerDelegate_AddsHandlerToSpawnHandlers" classname="Mirror.Tests.ClientSceneTests" runstate="Runnable" seed="398510195" result="Passed" start-time="2020-05-02 11:15:16Z" end-time="2020-05-02 11:15:16Z" duration="0.010748" asserts="0">
              <properties />
            </test-case>
            <test-case id="1990" name="RegisterSpawnHandler_SpawnHandlerDelegate_AddsHandlerToUnSpawnHandlers" fullname="Mirror.Tests.ClientSceneTests.RegisterSpawnHandler_SpawnHandlerDelegate_AddsHandlerToUnSpawnHandlers" methodname="RegisterSpawnHandler_SpawnHandlerDelegate_AddsHandlerToUnSpawnHandlers" classname="Mirror.Tests.ClientSceneTests" runstate="Runnable" seed="512633675" result="Passed" start-time="2020-05-02 11:15:16Z" end-time="2020-05-02 11:15:16Z" duration="0.016864" asserts="0">
              <properties />
            </test-case>
            <test-case id="1993" name="RegisterSpawnHandler_SpawnHandlerDelegate_ErrorWhenAssetIdIsEmpty" fullname="Mirror.Tests.ClientSceneTests.RegisterSpawnHandler_SpawnHandlerDelegate_ErrorWhenAssetIdIsEmpty" methodname="RegisterSpawnHandler_SpawnHandlerDelegate_ErrorWhenAssetIdIsEmpty" classname="Mirror.Tests.ClientSceneTests" runstate="Runnable" seed="1149209448" result="Passed" start-time="2020-05-02 11:15:16Z" end-time="2020-05-02 11:15:16Z" duration="0.014902" asserts="0">
              <properties />
              <output><![CDATA[Can not Register SpawnHandler for empty Guid
]]></output>
            </test-case>
            <test-case id="1995" name="RegisterSpawnHandler_SpawnHandlerDelegate_ErrorWhenHandlerForGuidAlreadyExistsInPrefabDictionary" fullname="Mirror.Tests.ClientSceneTests.RegisterSpawnHandler_SpawnHandlerDelegate_ErrorWhenHandlerForGuidAlreadyExistsInPrefabDictionary" methodname="RegisterSpawnHandler_SpawnHandlerDelegate_ErrorWhenHandlerForGuidAlreadyExistsInPrefabDictionary" classname="Mirror.Tests.ClientSceneTests" runstate="Runnable" seed="1237460584" result="Passed" start-time="2020-05-02 11:15:16Z" end-time="2020-05-02 11:15:16Z" duration="0.016139" asserts="0">
              <properties />
              <output><![CDATA[assetId '3f748397-2ffe-4a36-a6ed-d987700f6b0e' is already used by prefab 'ValidPrefabForClientScene'
]]></output>
            </test-case>
            <test-case id="1991" name="RegisterSpawnHandler_SpawnHandlerDelegate_ErrorWhenSpawnHandlerIsNull" fullname="Mirror.Tests.ClientSceneTests.RegisterSpawnHandler_SpawnHandlerDelegate_ErrorWhenSpawnHandlerIsNull" methodname="RegisterSpawnHandler_SpawnHandlerDelegate_ErrorWhenSpawnHandlerIsNull" classname="Mirror.Tests.ClientSceneTests" runstate="Runnable" seed="676374821" result="Passed" start-time="2020-05-02 11:15:16Z" end-time="2020-05-02 11:15:16Z" duration="0.015718" asserts="0">
              <properties />
              <output><![CDATA[Can not Register null SpawnHandler for 00fb2437-d2f5-435f-9eae-d51f255108e9
]]></output>
            </test-case>
            <test-case id="1992" name="RegisterSpawnHandler_SpawnHandlerDelegate_ErrorWhenUnSpawnHandlerIsNull" fullname="Mirror.Tests.ClientSceneTests.RegisterSpawnHandler_SpawnHandlerDelegate_ErrorWhenUnSpawnHandlerIsNull" methodname="RegisterSpawnHandler_SpawnHandlerDelegate_ErrorWhenUnSpawnHandlerIsNull" classname="Mirror.Tests.ClientSceneTests" runstate="Runnable" seed="166239680" result="Passed" start-time="2020-05-02 11:15:16Z" end-time="2020-05-02 11:15:16Z" duration="0.015484" asserts="0">
              <properties />
              <output><![CDATA[Can not Register null UnSpawnHandler for 6a31a868-b3e0-468d-894f-a17b65bd97e0
]]></output>
            </test-case>
            <test-case id="1994" name="RegisterSpawnHandler_SpawnHandlerDelegate_WarningWhenHandlerForGuidAlreadyExistsInHandlerDictionary" fullname="Mirror.Tests.ClientSceneTests.RegisterSpawnHandler_SpawnHandlerDelegate_WarningWhenHandlerForGuidAlreadyExistsInHandlerDictionary" methodname="RegisterSpawnHandler_SpawnHandlerDelegate_WarningWhenHandlerForGuidAlreadyExistsInHandlerDictionary" classname="Mirror.Tests.ClientSceneTests" runstate="Runnable" seed="899521285" result="Passed" start-time="2020-05-02 11:15:16Z" end-time="2020-05-02 11:15:16Z" duration="0.015144" asserts="0">
              <properties />
              <output><![CDATA[Replacing existing spawnHandlers for 0fe08cb0-0a86-4ce6-b658-07a6439b7846
]]></output>
            </test-case>
            <test-case id="1980" name="UnregisterPrefab_ErrorWhenPrefabHasNoNetworkIdentity" fullname="Mirror.Tests.ClientSceneTests.UnregisterPrefab_ErrorWhenPrefabHasNoNetworkIdentity" methodname="UnregisterPrefab_ErrorWhenPrefabHasNoNetworkIdentity" classname="Mirror.Tests.ClientSceneTests" runstate="Runnable" seed="1699451903" result="Passed" start-time="2020-05-02 11:15:16Z" end-time="2020-05-02 11:15:16Z" duration="0.017702" asserts="0">
              <properties />
              <output><![CDATA[Could not unregister 'invalidPrefabForClientScene' since it contains no NetworkIdentity component
]]></output>
            </test-case>
            <test-case id="1979" name="UnregisterPrefab_ErrorWhenPrefabIsNull" fullname="Mirror.Tests.ClientSceneTests.UnregisterPrefab_ErrorWhenPrefabIsNull" methodname="UnregisterPrefab_ErrorWhenPrefabIsNull" classname="Mirror.Tests.ClientSceneTests" runstate="Runnable" seed="1489491028" result="Passed" start-time="2020-05-02 11:15:16Z" end-time="2020-05-02 11:15:16Z" duration="0.014873" asserts="0">
              <properties />
              <output><![CDATA[Could not unregister prefab because it was null
]]></output>
            </test-case>
            <test-case id="1976" name="UnregisterPrefab_RemovesPrefabFromDictionary" fullname="Mirror.Tests.ClientSceneTests.UnregisterPrefab_RemovesPrefabFromDictionary" methodname="UnregisterPrefab_RemovesPrefabFromDictionary" classname="Mirror.Tests.ClientSceneTests" runstate="Runnable" seed="611453781" result="Passed" start-time="2020-05-02 11:15:16Z" end-time="2020-05-02 11:15:16Z" duration="0.015247" asserts="0">
              <properties />
            </test-case>
            <test-case id="1977" name="UnregisterPrefab_RemovesSpawnHandlerFromDictionary" fullname="Mirror.Tests.ClientSceneTests.UnregisterPrefab_RemovesSpawnHandlerFromDictionary" methodname="UnregisterPrefab_RemovesSpawnHandlerFromDictionary" classname="Mirror.Tests.ClientSceneTests" runstate="Runnable" seed="1248436878" result="Passed" start-time="2020-05-02 11:15:16Z" end-time="2020-05-02 11:15:16Z" duration="0.024586" asserts="0">
              <properties />
            </test-case>
            <test-case id="1978" name="UnregisterPrefab_RemovesUnSpawnHandlerFromDictionary" fullname="Mirror.Tests.ClientSceneTests.UnregisterPrefab_RemovesUnSpawnHandlerFromDictionary" methodname="UnregisterPrefab_RemovesUnSpawnHandlerFromDictionary" classname="Mirror.Tests.ClientSceneTests" runstate="Runnable" seed="319790209" result="Passed" start-time="2020-05-02 11:15:16Z" end-time="2020-05-02 11:15:16Z" duration="0.015179" asserts="0">
              <properties />
            </test-case>
            <test-case id="1998" name="UnregisterSpawnHandler_DoesNotRemovePrefabDictionary" fullname="Mirror.Tests.ClientSceneTests.UnregisterSpawnHandler_DoesNotRemovePrefabDictionary" methodname="UnregisterSpawnHandler_DoesNotRemovePrefabDictionary" classname="Mirror.Tests.ClientSceneTests" runstate="Runnable" seed="126335504" result="Passed" start-time="2020-05-02 11:15:16Z" end-time="2020-05-02 11:15:16Z" duration="0.011941" asserts="0">
              <properties />
            </test-case>
            <test-case id="1996" name="UnregisterSpawnHandler_RemovesSpawnHandlersFromDictionary" fullname="Mirror.Tests.ClientSceneTests.UnregisterSpawnHandler_RemovesSpawnHandlersFromDictionary" methodname="UnregisterSpawnHandler_RemovesSpawnHandlersFromDictionary" classname="Mirror.Tests.ClientSceneTests" runstate="Runnable" seed="702617217" result="Passed" start-time="2020-05-02 11:15:16Z" end-time="2020-05-02 11:15:16Z" duration="0.011855" asserts="0">
              <properties />
            </test-case>
            <test-case id="1997" name="UnregisterSpawnHandler_RemovesUnSpawnHandlersFromDictionary" fullname="Mirror.Tests.ClientSceneTests.UnregisterSpawnHandler_RemovesUnSpawnHandlersFromDictionary" methodname="UnregisterSpawnHandler_RemovesUnSpawnHandlersFromDictionary" classname="Mirror.Tests.ClientSceneTests" runstate="Runnable" seed="906342452" result="Passed" start-time="2020-05-02 11:15:16Z" end-time="2020-05-02 11:15:16Z" duration="0.014735" asserts="0">
              <properties />
            </test-case>
          </test-suite>
          <test-suite type="TestFixture" id="2003" name="CustomAttrributeTest" fullname="Mirror.Tests.CustomAttrributeTest" classname="Mirror.Tests.CustomAttrributeTest" runstate="Runnable" testcasecount="5" result="Passed" start-time="2020-05-02 11:15:16Z" end-time="2020-05-02 11:15:16Z" duration="0.011963" total="5" passed="5" failed="0" inconclusive="0" skipped="0" asserts="0">
            <properties />
            <test-case id="2006" name="ClientRPCAttributeTest" fullname="Mirror.Tests.CustomAttrributeTest.ClientRPCAttributeTest" methodname="ClientRPCAttributeTest" classname="Mirror.Tests.CustomAttrributeTest" runstate="Runnable" seed="1182560672" result="Passed" start-time="2020-05-02 11:15:16Z" end-time="2020-05-02 11:15:16Z" duration="0.000467" asserts="0">
              <properties />
            </test-case>
            <test-case id="2005" name="CommandAttributeTest" fullname="Mirror.Tests.CustomAttrributeTest.CommandAttributeTest" methodname="CommandAttributeTest" classname="Mirror.Tests.CustomAttrributeTest" runstate="Runnable" seed="1554141726" result="Passed" start-time="2020-05-02 11:15:16Z" end-time="2020-05-02 11:15:16Z" duration="0.000337" asserts="0">
              <properties />
            </test-case>
            <test-case id="2008" name="SyncEventAttributeTest" fullname="Mirror.Tests.CustomAttrributeTest.SyncEventAttributeTest" methodname="SyncEventAttributeTest" classname="Mirror.Tests.CustomAttrributeTest" runstate="Runnable" seed="1847415766" result="Passed" start-time="2020-05-02 11:15:16Z" end-time="2020-05-02 11:15:16Z" duration="0.000372" asserts="0">
              <properties />
            </test-case>
            <test-case id="2004" name="SyncVarAttributeTest" fullname="Mirror.Tests.CustomAttrributeTest.SyncVarAttributeTest" methodname="SyncVarAttributeTest" classname="Mirror.Tests.CustomAttrributeTest" runstate="Runnable" seed="1684458275" result="Passed" start-time="2020-05-02 11:15:16Z" end-time="2020-05-02 11:15:16Z" duration="0.000363" asserts="0">
              <properties />
            </test-case>
            <test-case id="2007" name="TargetRPCAttributeTest" fullname="Mirror.Tests.CustomAttrributeTest.TargetRPCAttributeTest" methodname="TargetRPCAttributeTest" classname="Mirror.Tests.CustomAttrributeTest" runstate="Runnable" seed="1564100883" result="Passed" start-time="2020-05-02 11:15:16Z" end-time="2020-05-02 11:15:16Z" duration="0.000365" asserts="0">
              <properties />
            </test-case>
          </test-suite>
          <test-suite type="TestFixture" id="2009" name="CustomRWTest" fullname="Mirror.Tests.CustomRWTest" classname="Mirror.Tests.CustomRWTest" runstate="Runnable" testcasecount="1" result="Passed" start-time="2020-05-02 11:15:16Z" end-time="2020-05-02 11:15:16Z" duration="0.010020" total="1" passed="1" failed="0" inconclusive="0" skipped="0" asserts="0">
            <properties />
            <test-case id="2010" name="TestCustomRW" fullname="Mirror.Tests.CustomRWTest.TestCustomRW" methodname="TestCustomRW" classname="Mirror.Tests.CustomRWTest" runstate="Runnable" seed="1165886769" result="Passed" start-time="2020-05-02 11:15:16Z" end-time="2020-05-02 11:15:16Z" duration="0.000762" asserts="0">
              <properties />
            </test-case>
          </test-suite>
          <test-suite type="TestFixture" id="2011" name="EnumReadWriteTests" fullname="Mirror.Tests.EnumReadWriteTests" classname="Mirror.Tests.EnumReadWriteTests" runstate="Runnable" testcasecount="3" result="Passed" start-time="2020-05-02 11:15:16Z" end-time="2020-05-02 11:15:17Z" duration="0.008459" total="3" passed="3" failed="0" inconclusive="0" skipped="0" asserts="0">
            <properties />
            <test-case id="2012" name="ByteIsSentForByteEnum" fullname="Mirror.Tests.EnumReadWriteTests.ByteIsSentForByteEnum" methodname="ByteIsSentForByteEnum" classname="Mirror.Tests.EnumReadWriteTests" runstate="Runnable" seed="2109634863" result="Passed" start-time="2020-05-02 11:15:17Z" end-time="2020-05-02 11:15:17Z" duration="0.000503" asserts="0">
              <properties />
            </test-case>
            <test-case id="2014" name="CustomWriterIsUsedForEnum" fullname="Mirror.Tests.EnumReadWriteTests.CustomWriterIsUsedForEnum" methodname="CustomWriterIsUsedForEnum" classname="Mirror.Tests.EnumReadWriteTests" runstate="Runnable" seed="1979817418" result="Passed" start-time="2020-05-02 11:15:17Z" end-time="2020-05-02 11:15:17Z" duration="0.000896" asserts="0">
              <properties />
            </test-case>
            <test-case id="2013" name="ShortIsSentForShortEnum" fullname="Mirror.Tests.EnumReadWriteTests.ShortIsSentForShortEnum" methodname="ShortIsSentForShortEnum" classname="Mirror.Tests.EnumReadWriteTests" runstate="Runnable" seed="650389367" result="Passed" start-time="2020-05-02 11:15:17Z" end-time="2020-05-02 11:15:17Z" duration="0.000421" asserts="0">
              <properties />
            </test-case>
          </test-suite>
          <test-suite type="TestFixture" id="2015" name="ExponentialMovingAverageTest" fullname="Mirror.Tests.ExponentialMovingAverageTest" classname="Mirror.Tests.ExponentialMovingAverageTest" runstate="Runnable" testcasecount="3" result="Passed" start-time="2020-05-02 11:15:17Z" end-time="2020-05-02 11:15:17Z" duration="0.010434" total="3" passed="3" failed="0" inconclusive="0" skipped="0" asserts="0">
            <properties />
            <test-case id="2016" name="TestInitial" fullname="Mirror.Tests.ExponentialMovingAverageTest.TestInitial" methodname="TestInitial" classname="Mirror.Tests.ExponentialMovingAverageTest" runstate="Runnable" seed="625441458" result="Passed" start-time="2020-05-02 11:15:17Z" end-time="2020-05-02 11:15:17Z" duration="0.001271" asserts="0">
              <properties />
            </test-case>
            <test-case id="2017" name="TestMovingAverage" fullname="Mirror.Tests.ExponentialMovingAverageTest.TestMovingAverage" methodname="TestMovingAverage" classname="Mirror.Tests.ExponentialMovingAverageTest" runstate="Runnable" seed="365115444" result="Passed" start-time="2020-05-02 11:15:17Z" end-time="2020-05-02 11:15:17Z" duration="0.000551" asserts="0">
              <properties />
            </test-case>
            <test-case id="2018" name="TestVar" fullname="Mirror.Tests.ExponentialMovingAverageTest.TestVar" methodname="TestVar" classname="Mirror.Tests.ExponentialMovingAverageTest" runstate="Runnable" seed="1734152909" result="Passed" start-time="2020-05-02 11:15:17Z" end-time="2020-05-02 11:15:17Z" duration="0.000296" asserts="0">
              <properties />
            </test-case>
          </test-suite>
          <test-suite type="TestFixture" id="2019" name="FallbackTransportTest" fullname="Mirror.Tests.FallbackTransportTest" classname="Mirror.Tests.FallbackTransportTest" runstate="Runnable" testcasecount="9" result="Passed" start-time="2020-05-02 11:15:17Z" end-time="2020-05-02 11:15:17Z" duration="0.378323" total="9" passed="9" failed="0" inconclusive="0" skipped="0" asserts="0">
            <properties />
            <test-case id="2020" name="TestAvailable" fullname="Mirror.Tests.FallbackTransportTest.TestAvailable" methodname="TestAvailable" classname="Mirror.Tests.FallbackTransportTest" runstate="Runnable" seed="1851477418" result="Passed" start-time="2020-05-02 11:15:17Z" end-time="2020-05-02 11:15:17Z" duration="0.130992" asserts="0">
              <properties />
              <output><![CDATA[You are trying to create a MonoBehaviour using the 'new' keyword.  This is not allowed.  MonoBehaviours can only be added using AddComponent(). Alternatively, your script can inherit from ScriptableObject or no base class at all
You are trying to create a MonoBehaviour using the 'new' keyword.  This is not allowed.  MonoBehaviours can only be added using AddComponent(). Alternatively, your script can inherit from ScriptableObject or no base class at all
FallbackTransport available: Castle.Proxies.TransportProxy
]]></output>
            </test-case>
            <test-case id="2026" name="TestClient1Connected" fullname="Mirror.Tests.FallbackTransportTest.TestClient1Connected" methodname="TestClient1Connected" classname="Mirror.Tests.FallbackTransportTest" runstate="Runnable" seed="310814661" result="Passed" start-time="2020-05-02 11:15:17Z" end-time="2020-05-02 11:15:17Z" duration="0.035381" asserts="0">
              <properties />
              <output><![CDATA[You are trying to create a MonoBehaviour using the 'new' keyword.  This is not allowed.  MonoBehaviours can only be added using AddComponent(). Alternatively, your script can inherit from ScriptableObject or no base class at all
You are trying to create a MonoBehaviour using the 'new' keyword.  This is not allowed.  MonoBehaviours can only be added using AddComponent(). Alternatively, your script can inherit from ScriptableObject or no base class at all
FallbackTransport available: Castle.Proxies.TransportProxy
]]></output>
            </test-case>
            <test-case id="2027" name="TestClient2Connected" fullname="Mirror.Tests.FallbackTransportTest.TestClient2Connected" methodname="TestClient2Connected" classname="Mirror.Tests.FallbackTransportTest" runstate="Runnable" seed="1163573528" result="Passed" start-time="2020-05-02 11:15:17Z" end-time="2020-05-02 11:15:17Z" duration="0.042537" asserts="0">
              <properties />
              <output><![CDATA[You are trying to create a MonoBehaviour using the 'new' keyword.  This is not allowed.  MonoBehaviours can only be added using AddComponent(). Alternatively, your script can inherit from ScriptableObject or no base class at all
You are trying to create a MonoBehaviour using the 'new' keyword.  This is not allowed.  MonoBehaviours can only be added using AddComponent(). Alternatively, your script can inherit from ScriptableObject or no base class at all
FallbackTransport available: Castle.Proxies.TransportProxy
]]></output>
            </test-case>
            <test-case id="2025" name="TestClientSend" fullname="Mirror.Tests.FallbackTransportTest.TestClientSend" methodname="TestClientSend" classname="Mirror.Tests.FallbackTransportTest" runstate="Runnable" seed="819085485" result="Passed" start-time="2020-05-02 11:15:17Z" end-time="2020-05-02 11:15:17Z" duration="0.021689" asserts="0">
              <properties />
              <output><![CDATA[You are trying to create a MonoBehaviour using the 'new' keyword.  This is not allowed.  MonoBehaviours can only be added using AddComponent(). Alternatively, your script can inherit from ScriptableObject or no base class at all
You are trying to create a MonoBehaviour using the 'new' keyword.  This is not allowed.  MonoBehaviours can only be added using AddComponent(). Alternatively, your script can inherit from ScriptableObject or no base class at all
FallbackTransport available: Castle.Proxies.TransportProxy
]]></output>
            </test-case>
            <test-case id="2022" name="TestConnect" fullname="Mirror.Tests.FallbackTransportTest.TestConnect" methodname="TestConnect" classname="Mirror.Tests.FallbackTransportTest" runstate="Runnable" seed="1938656639" result="Passed" start-time="2020-05-02 11:15:17Z" end-time="2020-05-02 11:15:17Z" duration="0.017653" asserts="0">
              <properties />
              <output><![CDATA[You are trying to create a MonoBehaviour using the 'new' keyword.  This is not allowed.  MonoBehaviours can only be added using AddComponent(). Alternatively, your script can inherit from ScriptableObject or no base class at all
You are trying to create a MonoBehaviour using the 'new' keyword.  This is not allowed.  MonoBehaviours can only be added using AddComponent(). Alternatively, your script can inherit from ScriptableObject or no base class at all
FallbackTransport available: Castle.Proxies.TransportProxy
]]></output>
            </test-case>
            <test-case id="2023" name="TestConnected" fullname="Mirror.Tests.FallbackTransportTest.TestConnected" methodname="TestConnected" classname="Mirror.Tests.FallbackTransportTest" runstate="Runnable" seed="1497610773" result="Passed" start-time="2020-05-02 11:15:17Z" end-time="2020-05-02 11:15:17Z" duration="0.016781" asserts="0">
              <properties />
              <output><![CDATA[You are trying to create a MonoBehaviour using the 'new' keyword.  This is not allowed.  MonoBehaviours can only be added using AddComponent(). Alternatively, your script can inherit from ScriptableObject or no base class at all
You are trying to create a MonoBehaviour using the 'new' keyword.  This is not allowed.  MonoBehaviours can only be added using AddComponent(). Alternatively, your script can inherit from ScriptableObject or no base class at all
FallbackTransport available: Castle.Proxies.TransportProxy
]]></output>
            </test-case>
            <test-case id="2024" name="TestDisconnect" fullname="Mirror.Tests.FallbackTransportTest.TestDisconnect" methodname="TestDisconnect" classname="Mirror.Tests.FallbackTransportTest" runstate="Runnable" seed="322307773" result="Passed" start-time="2020-05-02 11:15:17Z" end-time="2020-05-02 11:15:17Z" duration="0.016546" asserts="0">
              <properties />
              <output><![CDATA[You are trying to create a MonoBehaviour using the 'new' keyword.  This is not allowed.  MonoBehaviours can only be added using AddComponent(). Alternatively, your script can inherit from ScriptableObject or no base class at all
You are trying to create a MonoBehaviour using the 'new' keyword.  This is not allowed.  MonoBehaviours can only be added using AddComponent(). Alternatively, your script can inherit from ScriptableObject or no base class at all
FallbackTransport available: Castle.Proxies.TransportProxy
]]></output>
            </test-case>
            <test-case id="2021" name="TestNotAvailable" fullname="Mirror.Tests.FallbackTransportTest.TestNotAvailable" methodname="TestNotAvailable" classname="Mirror.Tests.FallbackTransportTest" runstate="Runnable" seed="1184661125" result="Passed" start-time="2020-05-02 11:15:17Z" end-time="2020-05-02 11:15:17Z" duration="0.014559" asserts="0">
              <properties />
              <output><![CDATA[You are trying to create a MonoBehaviour using the 'new' keyword.  This is not allowed.  MonoBehaviours can only be added using AddComponent(). Alternatively, your script can inherit from ScriptableObject or no base class at all
You are trying to create a MonoBehaviour using the 'new' keyword.  This is not allowed.  MonoBehaviours can only be added using AddComponent(). Alternatively, your script can inherit from ScriptableObject or no base class at all
]]></output>
            </test-case>
            <test-case id="2028" name="TestServerConnected" fullname="Mirror.Tests.FallbackTransportTest.TestServerConnected" methodname="TestServerConnected" classname="Mirror.Tests.FallbackTransportTest" runstate="Runnable" seed="196497343" result="Passed" start-time="2020-05-02 11:15:17Z" end-time="2020-05-02 11:15:17Z" duration="0.058208" asserts="0">
              <properties />
              <output><![CDATA[You are trying to create a MonoBehaviour using the 'new' keyword.  This is not allowed.  MonoBehaviours can only be added using AddComponent(). Alternatively, your script can inherit from ScriptableObject or no base class at all
You are trying to create a MonoBehaviour using the 'new' keyword.  This is not allowed.  MonoBehaviours can only be added using AddComponent(). Alternatively, your script can inherit from ScriptableObject or no base class at all
FallbackTransport available: Castle.Proxies.TransportProxy
]]></output>
            </test-case>
          </test-suite>
          <test-suite type="TestFixture" id="2029" name="LocalConnectionBufferTest" fullname="Mirror.Tests.LocalConnectionBufferTest" classname="Mirror.Tests.LocalConnectionBufferTest" runstate="Runnable" testcasecount="5" result="Passed" start-time="2020-05-02 11:15:17Z" end-time="2020-05-02 11:15:17Z" duration="0.096591" total="5" passed="5" failed="0" inconclusive="0" skipped="0" asserts="0">
            <properties />
            <test-case id="2032" name="BufferCanWriteAndReadPackages" fullname="Mirror.Tests.LocalConnectionBufferTest.BufferCanWriteAndReadPackages" methodname="BufferCanWriteAndReadPackages" classname="Mirror.Tests.LocalConnectionBufferTest" runstate="Runnable" seed="1813686043" result="Passed" start-time="2020-05-02 11:15:17Z" end-time="2020-05-02 11:15:17Z" duration="0.005236" asserts="0">
              <properties />
            </test-case>
            <test-case id="2034" name="BufferCanWriteReadMorePackageAfterCallingReset" fullname="Mirror.Tests.LocalConnectionBufferTest.BufferCanWriteReadMorePackageAfterCallingReset" methodname="BufferCanWriteReadMorePackageAfterCallingReset" classname="Mirror.Tests.LocalConnectionBufferTest" runstate="Runnable" seed="1139044391" result="Passed" start-time="2020-05-02 11:15:17Z" end-time="2020-05-02 11:15:17Z" duration="0.013442" asserts="0">
              <properties />
            </test-case>
            <test-case id="2031" name="BufferHasNoPacketsAfterWriteAndReading" fullname="Mirror.Tests.LocalConnectionBufferTest.BufferHasNoPacketsAfterWriteAndReading" methodname="BufferHasNoPacketsAfterWriteAndReading" classname="Mirror.Tests.LocalConnectionBufferTest" runstate="Runnable" seed="89845935" result="Passed" start-time="2020-05-02 11:15:17Z" end-time="2020-05-02 11:15:17Z" duration="0.016178" asserts="0">
              <properties />
            </test-case>
            <test-case id="2030" name="BufferHasPacketsAfterWriter" fullname="Mirror.Tests.LocalConnectionBufferTest.BufferHasPacketsAfterWriter" methodname="BufferHasPacketsAfterWriter" classname="Mirror.Tests.LocalConnectionBufferTest" runstate="Runnable" seed="1188110098" result="Passed" start-time="2020-05-02 11:15:17Z" end-time="2020-05-02 11:15:17Z" duration="0.017693" asserts="0">
              <properties />
            </test-case>
            <test-case id="2033" name="BufferReturnsMutliplePacketsInTheOrderTheyWereWriten" fullname="Mirror.Tests.LocalConnectionBufferTest.BufferReturnsMutliplePacketsInTheOrderTheyWereWriten" methodname="BufferReturnsMutliplePacketsInTheOrderTheyWereWriten" classname="Mirror.Tests.LocalConnectionBufferTest" runstate="Runnable" seed="1018376384" result="Passed" start-time="2020-05-02 11:15:17Z" end-time="2020-05-02 11:15:17Z" duration="0.014995" asserts="0">
              <properties />
            </test-case>
          </test-suite>
          <test-suite type="TestFixture" id="2035" name="LocalConnectionTest" fullname="Mirror.Tests.LocalConnectionTest" classname="Mirror.Tests.LocalConnectionTest" runstate="Runnable" testcasecount="1" result="Passed" start-time="2020-05-02 11:15:17Z" end-time="2020-05-02 11:15:17Z" duration="0.015470" total="1" passed="1" failed="0" inconclusive="0" skipped="0" asserts="0">
            <properties />
            <test-case id="2036" name="ClientToServerFailTest" fullname="Mirror.Tests.LocalConnectionTest.ClientToServerFailTest" methodname="ClientToServerFailTest" classname="Mirror.Tests.LocalConnectionTest" runstate="Runnable" seed="950761961" result="Passed" start-time="2020-05-02 11:15:17Z" end-time="2020-05-02 11:15:17Z" duration="0.010615" asserts="0">
              <properties />
              <output><![CDATA[LocalConnection.SendBytes cannot send zero bytes
]]></output>
            </test-case>
          </test-suite>
          <test-suite type="TestFixture" id="2037" name="LogFactoryTests" fullname="Mirror.Tests.LogFactoryTests" classname="Mirror.Tests.LogFactoryTests" runstate="Runnable" testcasecount="4" result="Passed" start-time="2020-05-02 11:15:17Z" end-time="2020-05-02 11:15:17Z" duration="0.018781" total="4" passed="4" failed="0" inconclusive="0" skipped="0" asserts="0">
            <properties />
            <test-case id="2039" name="DifferentClassDifferentLogger" fullname="Mirror.Tests.LogFactoryTests.DifferentClassDifferentLogger" methodname="DifferentClassDifferentLogger" classname="Mirror.Tests.LogFactoryTests" runstate="Runnable" seed="1243229847" result="Passed" start-time="2020-05-02 11:15:17Z" end-time="2020-05-02 11:15:17Z" duration="0.000785" asserts="0">
              <properties />
            </test-case>
            <test-case id="2041" name="LogDebugFull" fullname="Mirror.Tests.LogFactoryTests.LogDebugFull" methodname="LogDebugFull" classname="Mirror.Tests.LogFactoryTests" runstate="Runnable" seed="1232289003" result="Passed" start-time="2020-05-02 11:15:17Z" end-time="2020-05-02 11:15:17Z" duration="0.007077" asserts="0">
              <properties />
            </test-case>
            <test-case id="2040" name="LogDebugIgnore" fullname="Mirror.Tests.LogFactoryTests.LogDebugIgnore" methodname="LogDebugIgnore" classname="Mirror.Tests.LogFactoryTests" runstate="Runnable" seed="2116573471" result="Passed" start-time="2020-05-02 11:15:17Z" end-time="2020-05-02 11:15:17Z" duration="0.001168" asserts="0">
              <properties />
            </test-case>
            <test-case id="2038" name="SameClassSameLogger" fullname="Mirror.Tests.LogFactoryTests.SameClassSameLogger" methodname="SameClassSameLogger" classname="Mirror.Tests.LogFactoryTests" runstate="Runnable" seed="278326975" result="Passed" start-time="2020-05-02 11:15:17Z" end-time="2020-05-02 11:15:17Z" duration="0.000388" asserts="0">
              <properties />
            </test-case>
          </test-suite>
          <test-suite type="TestFixture" id="2042" name="MessageBaseTests" fullname="Mirror.Tests.MessageBaseTests" classname="Mirror.Tests.MessageBaseTests" runstate="Runnable" testcasecount="2" result="Passed" start-time="2020-05-02 11:15:17Z" end-time="2020-05-02 11:15:17Z" duration="0.010754" total="2" passed="2" failed="0" inconclusive="0" skipped="0" asserts="0">
            <properties />
            <test-case id="2043" name="Roundtrip" fullname="Mirror.Tests.MessageBaseTests.Roundtrip" methodname="Roundtrip" classname="Mirror.Tests.MessageBaseTests" runstate="Runnable" seed="400275681" result="Passed" start-time="2020-05-02 11:15:17Z" end-time="2020-05-02 11:15:17Z" duration="0.001222" asserts="0">
              <properties />
            </test-case>
            <test-case id="2044" name="WovenSerializationBodyRoundtrip" fullname="Mirror.Tests.MessageBaseTests.WovenSerializationBodyRoundtrip" methodname="WovenSerializationBodyRoundtrip" classname="Mirror.Tests.MessageBaseTests" runstate="Runnable" seed="162658440" result="Passed" start-time="2020-05-02 11:15:17Z" end-time="2020-05-02 11:15:17Z" duration="0.001063" asserts="0">
              <properties />
            </test-case>
          </test-suite>
          <test-suite type="TestFixture" id="2045" name="MessageInheritanceTests" fullname="Mirror.Tests.MessageInheritanceTests" classname="Mirror.Tests.MessageInheritanceTests" runstate="Runnable" testcasecount="1" result="Passed" start-time="2020-05-02 11:15:17Z" end-time="2020-05-02 11:15:17Z" duration="0.008240" total="1" passed="1" failed="0" inconclusive="0" skipped="0" asserts="0">
            <properties />
            <test-case id="2046" name="Roundtrip" fullname="Mirror.Tests.MessageInheritanceTests.Roundtrip" methodname="Roundtrip" classname="Mirror.Tests.MessageInheritanceTests" runstate="Runnable" seed="1989801176" result="Passed" start-time="2020-05-02 11:15:17Z" end-time="2020-05-02 11:15:17Z" duration="0.000668" asserts="0">
              <properties />
            </test-case>
          </test-suite>
          <test-suite type="TestFixture" id="2047" name="MessagePackerTest" fullname="Mirror.Tests.MessagePackerTest" classname="Mirror.Tests.MessagePackerTest" runstate="Runnable" testcasecount="5" result="Passed" start-time="2020-05-02 11:15:17Z" end-time="2020-05-02 11:15:17Z" duration="0.025712" total="5" passed="5" failed="0" inconclusive="0" skipped="0" asserts="0">
            <properties />
            <test-case id="2048" name="TestPacking" fullname="Mirror.Tests.MessagePackerTest.TestPacking" methodname="TestPacking" classname="Mirror.Tests.MessagePackerTest" runstate="Runnable" seed="830432620" result="Passed" start-time="2020-05-02 11:15:17Z" end-time="2020-05-02 11:15:17Z" duration="0.001622" asserts="0">
              <properties />
            </test-case>
            <test-case id="2050" name="TestUnpackIdMismatch" fullname="Mirror.Tests.MessagePackerTest.TestUnpackIdMismatch" methodname="TestUnpackIdMismatch" classname="Mirror.Tests.MessagePackerTest" runstate="Runnable" seed="281860135" result="Passed" start-time="2020-05-02 11:15:17Z" end-time="2020-05-02 11:15:17Z" duration="0.000631" asserts="0">
              <properties />
            </test-case>
            <test-case id="2051" name="TestUnpackMessageNonGeneric" fullname="Mirror.Tests.MessagePackerTest.TestUnpackMessageNonGeneric" methodname="TestUnpackMessageNonGeneric" classname="Mirror.Tests.MessagePackerTest" runstate="Runnable" seed="1100891424" result="Passed" start-time="2020-05-02 11:15:17Z" end-time="2020-05-02 11:15:17Z" duration="0.001036" asserts="0">
              <properties />
            </test-case>
            <test-case id="2052" name="UnpackInvalidMessage" fullname="Mirror.Tests.MessagePackerTest.UnpackInvalidMessage" methodname="UnpackInvalidMessage" classname="Mirror.Tests.MessagePackerTest" runstate="Runnable" seed="117183177" result="Passed" start-time="2020-05-02 11:15:17Z" end-time="2020-05-02 11:15:17Z" duration="0.000911" asserts="0">
              <properties />
            </test-case>
            <test-case id="2049" name="UnpackWrongMessage" fullname="Mirror.Tests.MessagePackerTest.UnpackWrongMessage" methodname="UnpackWrongMessage" classname="Mirror.Tests.MessagePackerTest" runstate="Runnable" seed="1835641225" result="Passed" start-time="2020-05-02 11:15:17Z" end-time="2020-05-02 11:15:17Z" duration="0.000840" asserts="0">
              <properties />
            </test-case>
          </test-suite>
          <test-suite type="TestFixture" id="2053" name="MessageTests" fullname="Mirror.Tests.MessageTests" classname="Mirror.Tests.MessageTests" runstate="Runnable" testcasecount="17" result="Passed" start-time="2020-05-02 11:15:17Z" end-time="2020-05-02 11:15:17Z" duration="0.042091" total="17" passed="17" failed="0" inconclusive="0" skipped="0" asserts="0">
            <properties />
            <test-case id="2054" name="CommandMessageTest" fullname="Mirror.Tests.MessageTests.CommandMessageTest" methodname="CommandMessageTest" classname="Mirror.Tests.MessageTests" runstate="Runnable" seed="1680351657" result="Passed" start-time="2020-05-02 11:15:17Z" end-time="2020-05-02 11:15:17Z" duration="0.001950" asserts="0">
              <properties />
            </test-case>
            <test-case id="2055" name="ConnectMessageTest" fullname="Mirror.Tests.MessageTests.ConnectMessageTest" methodname="ConnectMessageTest" classname="Mirror.Tests.MessageTests" runstate="Runnable" seed="2140992586" result="Passed" start-time="2020-05-02 11:15:17Z" end-time="2020-05-02 11:15:17Z" duration="0.001527" asserts="0">
              <properties />
            </test-case>
            <test-case id="2056" name="DisconnectMessageTest" fullname="Mirror.Tests.MessageTests.DisconnectMessageTest" methodname="DisconnectMessageTest" classname="Mirror.Tests.MessageTests" runstate="Runnable" seed="1488595947" result="Passed" start-time="2020-05-02 11:15:17Z" end-time="2020-05-02 11:15:17Z" duration="0.000970" asserts="0">
              <properties />
            </test-case>
            <test-case id="2057" name="ErrorMessageTest" fullname="Mirror.Tests.MessageTests.ErrorMessageTest" methodname="ErrorMessageTest" classname="Mirror.Tests.MessageTests" runstate="Runnable" seed="1498786814" result="Passed" start-time="2020-05-02 11:15:17Z" end-time="2020-05-02 11:15:17Z" duration="0.001112" asserts="0">
              <properties />
            </test-case>
            <test-case id="2058" name="NetworkPingMessageTest" fullname="Mirror.Tests.MessageTests.NetworkPingMessageTest" methodname="NetworkPingMessageTest" classname="Mirror.Tests.MessageTests" runstate="Runnable" seed="1553775093" result="Passed" start-time="2020-05-02 11:15:17Z" end-time="2020-05-02 11:15:17Z" duration="0.001084" asserts="0">
              <properties />
            </test-case>
            <test-case id="2059" name="NetworkPongMessageTest" fullname="Mirror.Tests.MessageTests.NetworkPongMessageTest" methodname="NetworkPongMessageTest" classname="Mirror.Tests.MessageTests" runstate="Runnable" seed="1003825577" result="Passed" start-time="2020-05-02 11:15:17Z" end-time="2020-05-02 11:15:17Z" duration="0.001026" asserts="0">
              <properties />
            </test-case>
            <test-case id="2060" name="NotReadyMessageTest" fullname="Mirror.Tests.MessageTests.NotReadyMessageTest" methodname="NotReadyMessageTest" classname="Mirror.Tests.MessageTests" runstate="Runnable" seed="1972392773" result="Passed" start-time="2020-05-02 11:15:17Z" end-time="2020-05-02 11:15:17Z" duration="0.001152" asserts="0">
              <properties />
            </test-case>
            <test-case id="2061" name="ObjectDestroyMessageTest" fullname="Mirror.Tests.MessageTests.ObjectDestroyMessageTest" methodname="ObjectDestroyMessageTest" classname="Mirror.Tests.MessageTests" runstate="Runnable" seed="1840527792" result="Passed" start-time="2020-05-02 11:15:17Z" end-time="2020-05-02 11:15:17Z" duration="0.001066" asserts="0">
              <properties />
            </test-case>
            <test-case id="2062" name="ObjectHideMessageTest" fullname="Mirror.Tests.MessageTests.ObjectHideMessageTest" methodname="ObjectHideMessageTest" classname="Mirror.Tests.MessageTests" runstate="Runnable" seed="362540767" result="Passed" start-time="2020-05-02 11:15:17Z" end-time="2020-05-02 11:15:17Z" duration="0.001091" asserts="0">
              <properties />
            </test-case>
            <test-case id="2063" name="ObjectSpawnFinishedMessageTest" fullname="Mirror.Tests.MessageTests.ObjectSpawnFinishedMessageTest" methodname="ObjectSpawnFinishedMessageTest" classname="Mirror.Tests.MessageTests" runstate="Runnable" seed="1548080105" result="Passed" start-time="2020-05-02 11:15:17Z" end-time="2020-05-02 11:15:17Z" duration="0.001129" asserts="0">
              <properties />
            </test-case>
            <test-case id="2064" name="ObjectSpawnStartedMessageTest" fullname="Mirror.Tests.MessageTests.ObjectSpawnStartedMessageTest" methodname="ObjectSpawnStartedMessageTest" classname="Mirror.Tests.MessageTests" runstate="Runnable" seed="494781845" result="Passed" start-time="2020-05-02 11:15:17Z" end-time="2020-05-02 11:15:17Z" duration="0.001079" asserts="0">
              <properties />
            </test-case>
            <test-case id="2065" name="ReadyMessageTest" fullname="Mirror.Tests.MessageTests.ReadyMessageTest" methodname="ReadyMessageTest" classname="Mirror.Tests.MessageTests" runstate="Runnable" seed="902030934" result="Passed" start-time="2020-05-02 11:15:17Z" end-time="2020-05-02 11:15:17Z" duration="0.001121" asserts="0">
              <properties />
            </test-case>
            <test-case id="2066" name="RemovePlayerMessageTest" fullname="Mirror.Tests.MessageTests.RemovePlayerMessageTest" methodname="RemovePlayerMessageTest" classname="Mirror.Tests.MessageTests" runstate="Runnable" seed="1169294843" result="Passed" start-time="2020-05-02 11:15:17Z" end-time="2020-05-02 11:15:17Z" duration="0.001209" asserts="0">
              <properties />
            </test-case>
            <test-case id="2067" name="RpcMessageTest" fullname="Mirror.Tests.MessageTests.RpcMessageTest" methodname="RpcMessageTest" classname="Mirror.Tests.MessageTests" runstate="Runnable" seed="767554874" result="Passed" start-time="2020-05-02 11:15:17Z" end-time="2020-05-02 11:15:17Z" duration="0.001339" asserts="0">
              <properties />
            </test-case>
            <test-case id="2068" name="SpawnMessageTest" fullname="Mirror.Tests.MessageTests.SpawnMessageTest" methodname="SpawnMessageTest" classname="Mirror.Tests.MessageTests" runstate="Runnable" seed="289115573" result="Passed" start-time="2020-05-02 11:15:17Z" end-time="2020-05-02 11:15:17Z" duration="0.002921" asserts="0">
              <properties />
            </test-case>
            <test-case id="2069" name="SyncEventMessageTest" fullname="Mirror.Tests.MessageTests.SyncEventMessageTest" methodname="SyncEventMessageTest" classname="Mirror.Tests.MessageTests" runstate="Runnable" seed="225408913" result="Passed" start-time="2020-05-02 11:15:17Z" end-time="2020-05-02 11:15:17Z" duration="0.001341" asserts="0">
              <properties />
            </test-case>
            <test-case id="2070" name="UpdateVarsMessageTest" fullname="Mirror.Tests.MessageTests.UpdateVarsMessageTest" methodname="UpdateVarsMessageTest" classname="Mirror.Tests.MessageTests" runstate="Runnable" seed="1658398537" result="Passed" start-time="2020-05-02 11:15:17Z" end-time="2020-05-02 11:15:17Z" duration="0.001185" asserts="0">
              <properties />
            </test-case>
          </test-suite>
          <test-suite type="TestFixture" id="2071" name="MultiplexTest" fullname="Mirror.Tests.MultiplexTest" classname="Mirror.Tests.MultiplexTest" runstate="Runnable" testcasecount="11" result="Passed" start-time="2020-05-02 11:15:17Z" end-time="2020-05-02 11:15:17Z" duration="0.206279" total="11" passed="11" failed="0" inconclusive="0" skipped="0" asserts="0">
            <properties />
[...]
                <properties />
              </test-case>
              <test-case id="1913" name="SyncVarsDerivedNetworkBehaviour" fullname="Mirror.Weaver.Tests.WeaverSyncVarTests.SyncVarsDerivedNetworkBehaviour" methodname="SyncVarsDerivedNetworkBehaviour" classname="Mirror.Weaver.Tests.WeaverSyncVarTests" runstate="Runnable" seed="1577574165" result="Passed" start-time="2020-05-02 11:16:26Z" end-time="2020-05-02 11:16:27Z" duration="0.497936" asserts="0">
                <properties />
              </test-case>
              <test-case id="1917" name="SyncVarsDifferentModule" fullname="Mirror.Weaver.Tests.WeaverSyncVarTests.SyncVarsDifferentModule" methodname="SyncVarsDifferentModule" classname="Mirror.Weaver.Tests.WeaverSyncVarTests" runstate="Runnable" seed="1489215159" result="Passed" start-time="2020-05-02 11:16:27Z" end-time="2020-05-02 11:16:27Z" duration="0.497977" asserts="0">
                <properties />
              </test-case>
              <test-case id="1915" name="SyncVarsGenericParam" fullname="Mirror.Weaver.Tests.WeaverSyncVarTests.SyncVarsGenericParam" methodname="SyncVarsGenericParam" classname="Mirror.Weaver.Tests.WeaverSyncVarTests" runstate="Runnable" seed="2039185548" result="Passed" start-time="2020-05-02 11:16:27Z" end-time="2020-05-02 11:16:28Z" duration="0.498123" asserts="0">
                <properties />
              </test-case>
              <test-case id="1916" name="SyncVarsInterface" fullname="Mirror.Weaver.Tests.WeaverSyncVarTests.SyncVarsInterface" methodname="SyncVarsInterface" classname="Mirror.Weaver.Tests.WeaverSyncVarTests" runstate="Runnable" seed="1333733752" result="Passed" start-time="2020-05-02 11:16:28Z" end-time="2020-05-02 11:16:28Z" duration="0.499324" asserts="0">
                <properties />
              </test-case>
              <test-case id="1920" name="SyncVarsMoreThan63" fullname="Mirror.Weaver.Tests.WeaverSyncVarTests.SyncVarsMoreThan63" methodname="SyncVarsMoreThan63" classname="Mirror.Weaver.Tests.WeaverSyncVarTests" runstate="Runnable" seed="1091566040" result="Passed" start-time="2020-05-02 11:16:28Z" end-time="2020-05-02 11:16:29Z" duration="0.499236" asserts="0">
                <properties />
              </test-case>
              <test-case id="1909" name="SyncVarsNoHook" fullname="Mirror.Weaver.Tests.WeaverSyncVarTests.SyncVarsNoHook" methodname="SyncVarsNoHook" classname="Mirror.Weaver.Tests.WeaverSyncVarTests" runstate="Runnable" seed="106651137" result="Passed" start-time="2020-05-02 11:16:29Z" end-time="2020-05-02 11:16:29Z" duration="0.498407" asserts="0">
                <properties />
              </test-case>
              <test-case id="1910" name="SyncVarsNoHookParams" fullname="Mirror.Weaver.Tests.WeaverSyncVarTests.SyncVarsNoHookParams" methodname="SyncVarsNoHookParams" classname="Mirror.Weaver.Tests.WeaverSyncVarTests" runstate="Runnable" seed="112224612" result="Passed" start-time="2020-05-02 11:16:29Z" end-time="2020-05-02 11:16:30Z" duration="0.498733" asserts="0">
                <properties />
              </test-case>
              <test-case id="1914" name="SyncVarsStatic" fullname="Mirror.Weaver.Tests.WeaverSyncVarTests.SyncVarsStatic" methodname="SyncVarsStatic" classname="Mirror.Weaver.Tests.WeaverSyncVarTests" runstate="Runnable" seed="2123620464" result="Passed" start-time="2020-05-02 11:16:30Z" end-time="2020-05-02 11:16:30Z" duration="0.498296" asserts="0">
                <properties />
              </test-case>
              <test-case id="1919" name="SyncVarsSyncList" fullname="Mirror.Weaver.Tests.WeaverSyncVarTests.SyncVarsSyncList" methodname="SyncVarsSyncList" classname="Mirror.Weaver.Tests.WeaverSyncVarTests" runstate="Runnable" seed="1127977912" result="Passed" start-time="2020-05-02 11:16:30Z" end-time="2020-05-02 11:16:31Z" duration="0.498185" asserts="0">
                <properties />
              </test-case>
              <test-case id="1911" name="SyncVarsTooManyHookParams" fullname="Mirror.Weaver.Tests.WeaverSyncVarTests.SyncVarsTooManyHookParams" methodname="SyncVarsTooManyHookParams" classname="Mirror.Weaver.Tests.WeaverSyncVarTests" runstate="Runnable" seed="721673197" result="Passed" start-time="2020-05-02 11:16:31Z" end-time="2020-05-02 11:16:31Z" duration="0.499312" asserts="0">
                <properties />
              </test-case>
              <test-case id="1908" name="SyncVarsValid" fullname="Mirror.Weaver.Tests.WeaverSyncVarTests.SyncVarsValid" methodname="SyncVarsValid" classname="Mirror.Weaver.Tests.WeaverSyncVarTests" runstate="Runnable" seed="1482787861" result="Passed" start-time="2020-05-02 11:16:31Z" end-time="2020-05-02 11:16:32Z" duration="0.497990" asserts="0">
                <properties />
              </test-case>
              <test-case id="1912" name="SyncVarsWrongHookType" fullname="Mirror.Weaver.Tests.WeaverSyncVarTests.SyncVarsWrongHookType" methodname="SyncVarsWrongHookType" classname="Mirror.Weaver.Tests.WeaverSyncVarTests" runstate="Runnable" seed="895134596" result="Passed" start-time="2020-05-02 11:16:32Z" end-time="2020-05-02 11:16:32Z" duration="0.498876" asserts="0">
                <properties />
              </test-case>
            </test-suite>
            <test-suite type="TestFixture" id="1921" name="WeaverTargetRpcTests" fullname="Mirror.Weaver.Tests.WeaverTargetRpcTests" classname="Mirror.Weaver.Tests.WeaverTargetRpcTests" runstate="Runnable" testcasecount="6" result="Passed" start-time="2020-05-02 11:16:32Z" end-time="2020-05-02 11:16:36Z" duration="3.186414" total="6" passed="6" failed="0" inconclusive="0" skipped="0" asserts="0">
              <properties>
                <property name="Category" value="Weaver" />
              </properties>
              <test-case id="1927" name="SyncEventParamGeneric" fullname="Mirror.Weaver.Tests.WeaverTargetRpcTests.SyncEventParamGeneric" methodname="SyncEventParamGeneric" classname="Mirror.Weaver.Tests.WeaverTargetRpcTests" runstate="Runnable" seed="1003197859" result="Passed" start-time="2020-05-02 11:16:33Z" end-time="2020-05-02 11:16:33Z" duration="0.443574" asserts="0">
                <properties />
              </test-case>
              <test-case id="1926" name="SyncEventStartsWithEvent" fullname="Mirror.Weaver.Tests.WeaverTargetRpcTests.SyncEventStartsWithEvent" methodname="SyncEventStartsWithEvent" classname="Mirror.Weaver.Tests.WeaverTargetRpcTests" runstate="Runnable" seed="1839887221" result="Passed" start-time="2020-05-02 11:16:33Z" end-time="2020-05-02 11:16:34Z" duration="0.498683" asserts="0">
                <properties />
              </test-case>
              <test-case id="1925" name="SyncEventValid" fullname="Mirror.Weaver.Tests.WeaverTargetRpcTests.SyncEventValid" methodname="SyncEventValid" classname="Mirror.Weaver.Tests.WeaverTargetRpcTests" runstate="Runnable" seed="91645454" result="Passed" start-time="2020-05-02 11:16:34Z" end-time="2020-05-02 11:16:34Z" duration="0.499181" asserts="0">
                <properties />
              </test-case>
              <test-case id="1924" name="TargetRpcCantBeStatic" fullname="Mirror.Weaver.Tests.WeaverTargetRpcTests.TargetRpcCantBeStatic" methodname="TargetRpcCantBeStatic" classname="Mirror.Weaver.Tests.WeaverTargetRpcTests" runstate="Runnable" seed="1065360584" result="Passed" start-time="2020-05-02 11:16:34Z" end-time="2020-05-02 11:16:35Z" duration="0.498491" asserts="0">
                <properties />
              </test-case>
              <test-case id="1923" name="TargetRpcStartsWithTarget" fullname="Mirror.Weaver.Tests.WeaverTargetRpcTests.TargetRpcStartsWithTarget" methodname="TargetRpcStartsWithTarget" classname="Mirror.Weaver.Tests.WeaverTargetRpcTests" runstate="Runnable" seed="1657978492" result="Passed" start-time="2020-05-02 11:16:35Z" end-time="2020-05-02 11:16:35Z" duration="0.497723" asserts="0">
                <properties />
              </test-case>
              <test-case id="1922" name="TargetRpcValid" fullname="Mirror.Weaver.Tests.WeaverTargetRpcTests.TargetRpcValid" methodname="TargetRpcValid" classname="Mirror.Weaver.Tests.WeaverTargetRpcTests" runstate="Runnable" seed="1020289445" result="Passed" start-time="2020-05-02 11:16:35Z" end-time="2020-05-02 11:16:36Z" duration="0.499521" asserts="0">
                <properties />
              </test-case>
            </test-suite>
          </test-suite>
        </test-suite>
      </test-suite>
      <test-suite type="TestSuite" id="2461" name="Telepathy" fullname="Telepathy" runstate="Runnable" testcasecount="17" result="Skipped" label="Ignored" start-time="2020-05-02 11:16:37Z" end-time="2020-05-02 11:16:38Z" duration="0.258541" total="17" passed="0" failed="0" inconclusive="0" skipped="17" asserts="0">
        <properties />
        <reason>
          <message><![CDATA[One or more child tests were ignored]]></message>
        </reason>
        <test-suite type="TestSuite" id="2462" name="Tests" fullname="Telepathy.Tests" runstate="Runnable" testcasecount="17" result="Skipped" label="Ignored" start-time="2020-05-02 11:16:38Z" end-time="2020-05-02 11:16:38Z" duration="0.134320" total="17" passed="0" failed="0" inconclusive="0" skipped="17" asserts="0">
          <properties />
          <reason>
            <message><![CDATA[One or more child tests were ignored]]></message>
          </reason>
          <test-suite type="TestFixture" id="1751" name="TransportTest" fullname="Telepathy.Tests.TransportTest" classname="Telepathy.Tests.TransportTest" runstate="Ignored" testcasecount="17" result="Skipped" label="Ignored" site="SetUp" start-time="2020-05-02 11:16:38Z" end-time="2020-05-02 11:16:38Z" duration="0.015988" total="17" passed="0" failed="0" inconclusive="0" skipped="17" asserts="0">
            <properties>
              <property name="Category" value="Telepathy" />
              <property name="_SKIPREASON" value="Telepathy tests are flaky" />
            </properties>
            <reason>
              <message><![CDATA[Telepathy tests are flaky]]></message>
            </reason>
            <test-case id="1764" name="AllocationAttackTest" fullname="Telepathy.Tests.TransportTest.AllocationAttackTest" methodname="AllocationAttackTest" classname="Telepathy.Tests.TransportTest" runstate="Runnable" seed="1100019233" result="Skipped" label="Ignored" site="Parent" start-time="0001-01-01 00:00:00Z" end-time="0001-01-01 00:00:00Z" duration="0.000000" asserts="0">
              <properties />
              <reason>
                <message><![CDATA[OneTimeSetUp: Telepathy tests are flaky]]></message>
              </reason>
            </test-case>
            <test-case id="1758" name="ClientKickedCleanupTest" fullname="Telepathy.Tests.TransportTest.ClientKickedCleanupTest" methodname="ClientKickedCleanupTest" classname="Telepathy.Tests.TransportTest" runstate="Runnable" seed="1142514989" result="Skipped" label="Ignored" site="Parent" start-time="0001-01-01 00:00:00Z" end-time="0001-01-01 00:00:00Z" duration="0.000000" asserts="0">
              <properties />
              <reason>
                <message><![CDATA[OneTimeSetUp: Telepathy tests are flaky]]></message>
              </reason>
            </test-case>
            <test-case id="1756" name="ClientTest" fullname="Telepathy.Tests.TransportTest.ClientTest" methodname="ClientTest" classname="Telepathy.Tests.TransportTest" runstate="Runnable" seed="656113810" result="Skipped" label="Ignored" site="Parent" start-time="0001-01-01 00:00:00Z" end-time="0001-01-01 00:00:00Z" duration="0.000000" asserts="0">
              <properties />
              <reason>
                <message><![CDATA[OneTimeSetUp: Telepathy tests are flaky]]></message>
              </reason>
            </test-case>
            <test-case id="1761" name="ConnectIPv4Test" fullname="Telepathy.Tests.TransportTest.ConnectIPv4Test" methodname="ConnectIPv4Test" classname="Telepathy.Tests.TransportTest" runstate="Runnable" seed="16739578" result="Skipped" label="Ignored" site="Parent" start-time="0001-01-01 00:00:00Z" end-time="0001-01-01 00:00:00Z" duration="0.000000" asserts="0">
              <properties />
              <reason>
                <message><![CDATA[OneTimeSetUp: Telepathy tests are flaky]]></message>
              </reason>
            </test-case>
            <test-case id="1762" name="ConnectIPv6Test" fullname="Telepathy.Tests.TransportTest.ConnectIPv6Test" methodname="ConnectIPv6Test" classname="Telepathy.Tests.TransportTest" runstate="Runnable" seed="1546737731" result="Skipped" label="Ignored" site="Parent" start-time="0001-01-01 00:00:00Z" end-time="0001-01-01 00:00:00Z" duration="0.000000" asserts="0">
              <properties />
              <reason>
                <message><![CDATA[OneTimeSetUp: Telepathy tests are flaky]]></message>
              </reason>
            </test-case>
            <test-case id="1753" name="DisconnectImmediateTest" fullname="Telepathy.Tests.TransportTest.DisconnectImmediateTest" methodname="DisconnectImmediateTest" classname="Telepathy.Tests.TransportTest" runstate="Runnable" seed="1604571194" result="Skipped" label="Ignored" site="Parent" start-time="0001-01-01 00:00:00Z" end-time="0001-01-01 00:00:00Z" duration="0.000000" asserts="0">
              <properties />
              <reason>
                <message><![CDATA[OneTimeSetUp: Telepathy tests are flaky]]></message>
              </reason>
            </test-case>
            <test-case id="1759" name="GetConnectionInfoTest" fullname="Telepathy.Tests.TransportTest.GetConnectionInfoTest" methodname="GetConnectionInfoTest" classname="Telepathy.Tests.TransportTest" runstate="Runnable" seed="1862626549" result="Skipped" label="Ignored" site="Parent" start-time="0001-01-01 00:00:00Z" end-time="0001-01-01 00:00:00Z" duration="0.000000" asserts="0">
              <properties />
              <reason>
                <message><![CDATA[OneTimeSetUp: Telepathy tests are flaky]]></message>
              </reason>
            </test-case>
            <test-case id="1768" name="IntToBytesBigNonAllocTest" fullname="Telepathy.Tests.TransportTest.IntToBytesBigNonAllocTest" methodname="IntToBytesBigNonAllocTest" classname="Telepathy.Tests.TransportTest" runstate="Runnable" seed="251991216" result="Skipped" label="Ignored" site="Parent" start-time="0001-01-01 00:00:00Z" end-time="0001-01-01 00:00:00Z" duration="0.000000" asserts="0">
              <properties />
              <reason>
                <message><![CDATA[OneTimeSetUp: Telepathy tests are flaky]]></message>
              </reason>
            </test-case>
            <test-case id="1767" name="IntToBytesBigTest" fullname="Telepathy.Tests.TransportTest.IntToBytesBigTest" methodname="IntToBytesBigTest" classname="Telepathy.Tests.TransportTest" runstate="Runnable" seed="1617246825" result="Skipped" label="Ignored" site="Parent" start-time="0001-01-01 00:00:00Z" end-time="0001-01-01 00:00:00Z" duration="0.000000" asserts="0">
              <properties />
              <reason>
                <message><![CDATA[OneTimeSetUp: Telepathy tests are flaky]]></message>
              </reason>
            </test-case>
            <test-case id="1763" name="LargeMessageTest" fullname="Telepathy.Tests.TransportTest.LargeMessageTest" methodname="LargeMessageTest" classname="Telepathy.Tests.TransportTest" runstate="Runnable" seed="297507603" result="Skipped" label="Ignored" site="Parent" start-time="0001-01-01 00:00:00Z" end-time="0001-01-01 00:00:00Z" duration="0.000000" asserts="0">
              <properties />
              <reason>
                <message><![CDATA[OneTimeSetUp: Telepathy tests are flaky]]></message>
              </reason>
            </test-case>
            <test-case id="1752" name="NextConnectionIdTest" fullname="Telepathy.Tests.TransportTest.NextConnectionIdTest" methodname="NextConnectionIdTest" classname="Telepathy.Tests.TransportTest" runstate="Runnable" seed="411560364" result="Skipped" label="Ignored" site="Parent" start-time="0001-01-01 00:00:00Z" end-time="0001-01-01 00:00:00Z" duration="0.000000" asserts="0">
              <properties />
              <reason>
                <message><![CDATA[OneTimeSetUp: Telepathy tests are flaky]]></message>
              </reason>
            </test-case>
            <test-case id="1760" name="ParseLocalHostTest" fullname="Telepathy.Tests.TransportTest.ParseLocalHostTest" methodname="ParseLocalHostTest" classname="Telepathy.Tests.TransportTest" runstate="Runnable" seed="1040745354" result="Skipped" label="Ignored" site="Parent" start-time="0001-01-01 00:00:00Z" end-time="0001-01-01 00:00:00Z" duration="0.000000" asserts="0">
              <properties />
              <reason>
                <message><![CDATA[OneTimeSetUp: Telepathy tests are flaky]]></message>
              </reason>
            </test-case>
            <test-case id="1757" name="ServerDisconnectClientTest" fullname="Telepathy.Tests.TransportTest.ServerDisconnectClientTest" methodname="ServerDisconnectClientTest" classname="Telepathy.Tests.TransportTest" runstate="Runnable" seed="1544662007" result="Skipped" label="Ignored" site="Parent" start-time="0001-01-01 00:00:00Z" end-time="0001-01-01 00:00:00Z" duration="0.000000" asserts="0">
              <properties />
              <reason>
                <message><![CDATA[OneTimeSetUp: Telepathy tests are flaky]]></message>
              </reason>
            </test-case>
            <test-case id="1766" name="ServerStartStopRepeatedTest" fullname="Telepathy.Tests.TransportTest.ServerStartStopRepeatedTest" methodname="ServerStartStopRepeatedTest" classname="Telepathy.Tests.TransportTest" runstate="Runnable" seed="1426908596" result="Skipped" label="Ignored" site="Parent" start-time="0001-01-01 00:00:00Z" end-time="0001-01-01 00:00:00Z" duration="0.000000" asserts="0">
              <properties />
              <reason>
                <message><![CDATA[OneTimeSetUp: Telepathy tests are flaky]]></message>
              </reason>
            </test-case>
            <test-case id="1765" name="ServerStartStopTest" fullname="Telepathy.Tests.TransportTest.ServerStartStopTest" methodname="ServerStartStopTest" classname="Telepathy.Tests.TransportTest" runstate="Runnable" seed="1678799634" result="Skipped" label="Ignored" site="Parent" start-time="0001-01-01 00:00:00Z" end-time="0001-01-01 00:00:00Z" duration="0.000000" asserts="0">
              <properties />
              <reason>
                <message><![CDATA[OneTimeSetUp: Telepathy tests are flaky]]></message>
              </reason>
            </test-case>
            <test-case id="1755" name="ServerTest" fullname="Telepathy.Tests.TransportTest.ServerTest" methodname="ServerTest" classname="Telepathy.Tests.TransportTest" runstate="Runnable" seed="864826053" result="Skipped" label="Ignored" site="Parent" start-time="0001-01-01 00:00:00Z" end-time="0001-01-01 00:00:00Z" duration="0.000000" asserts="0">
              <properties />
              <reason>
                <message><![CDATA[OneTimeSetUp: Telepathy tests are flaky]]></message>
              </reason>
            </test-case>
            <test-case id="1754" name="SpamSendTest" fullname="Telepathy.Tests.TransportTest.SpamSendTest" methodname="SpamSendTest" classname="Telepathy.Tests.TransportTest" runstate="Runnable" seed="1246721485" result="Skipped" label="Ignored" site="Parent" start-time="0001-01-01 00:00:00Z" end-time="0001-01-01 00:00:00Z" duration="0.000000" asserts="0">
              <properties />
              <reason>
                <message><![CDATA[OneTimeSetUp: Telepathy tests are flaky]]></message>
              </reason>
            </test-case>
          </test-suite>
        </test-suite>
      </test-suite>
    </test-suite>
  </test-suite>
</test-run>